#
# There is insufficient memory for the Java Runtime Environment to continue.
# Native memory allocation (malloc) failed to allocate 525616 bytes for Chunk::new
# Possible reasons:
#   The system is out of physical RAM or swap space
#   The process is running with CompressedOops enabled, and the Java Heap may be blocking the growth of the native heap
# Possible solutions:
#   Reduce memory load on the system
#   Increase physical memory or swap space
#   Check if swap backing store is full
#   Decrease Java heap size (-Xmx/-Xms)
#   Decrease number of Java threads
#   Decrease Java thread stack sizes (-Xss)
#   Set larger code cache with -XX:ReservedCodeCacheSize=
#   JVM is running with Unscaled Compressed Oops mode in which the Java heap is
#     placed in the first 4GB address space. The Java Heap base address is the
#     maximum limit for the native heap growth. Please use -XX:HeapBaseMinAddress
#     to set the Java Heap base and to place the Java Heap above 4GB virtual address.
# This output file may be truncated or incomplete.
#
#  Out of Memory Error (./src/hotspot/share/memory/arena.cpp:197), pid=20188, tid=9324
#
# JRE version: OpenJDK Runtime Environment Microsoft-7208460 (11.0.18+10) (build 11.0.18+10-LTS)
# Java VM: OpenJDK 64-Bit Server VM Microsoft-7208460 (11.0.18+10-LTS, mixed mode, tiered, compressed oops, g1 gc, windows-amd64)
# No core dump will be written. Minidumps are not enabled by default on client versions of Windows
#

---------------  S U M M A R Y ------------

Command Line: -XX:MaxMetaspaceSize=512m --add-opens=java.base/java.util=ALL-UNNAMED --add-opens=java.base/java.lang=ALL-UNNAMED --add-opens=java.base/java.lang.invoke=ALL-UNNAMED --add-opens=java.base/java.util=ALL-UNNAMED --add-opens=java.prefs/java.util.prefs=ALL-UNNAMED --add-opens=java.prefs/java.util.prefs=ALL-UNNAMED --add-opens=java.base/java.nio.charset=ALL-UNNAMED --add-opens=java.base/java.net=ALL-UNNAMED --add-opens=java.base/java.util.concurrent.atomic=ALL-UNNAMED -Xmx2048m -Dfile.encoding=windows-1252 -Duser.country=US -Duser.language=en -Duser.variant org.gradle.launcher.daemon.bootstrap.GradleDaemon 7.5.1

Host: 12th Gen Intel(R) Core(TM) i5-12500H, 16 cores, 15G,  Windows 11 , 64 bit Build 22000 (10.0.22000.1335)
Time: Wed Feb 22 15:54:05 2023 SE Asia Standard Time elapsed time: 237.745633 seconds (0d 0h 3m 57s)

---------------  T H R E A D  ---------------

Current thread (0x0000021ffb6c8000):  JavaThread "C2 CompilerThread0" daemon [_thread_in_native, id=9324, stack(0x000000c936900000,0x000000c936a00000)]


Current CompileTask:
C2: 237745 22294       4       org.gradle.internal.service.DefaultServiceRegistry$OwnServices::instanceRealized (209 bytes)

Stack: [0x000000c936900000,0x000000c936a00000]
Native frames: (J=compiled Java code, j=interpreted, Vv=VM code, C=native code)
V  [jvm.dll+0x62bf8a]
V  [jvm.dll+0x7b8fb9]
V  [jvm.dll+0x7ba6a8]
V  [jvm.dll+0x7bad83]
V  [jvm.dll+0x250248]
V  [jvm.dll+0xc260c]
V  [jvm.dll+0xc2bcc]
V  [jvm.dll+0x35e182]
V  [jvm.dll+0x19ebe9]
V  [jvm.dll+0x209495]
V  [jvm.dll+0x20850d]
V  [jvm.dll+0x18a4b1]
V  [jvm.dll+0x217eec]
V  [jvm.dll+0x21612b]
V  [jvm.dll+0x77bac0]
V  [jvm.dll+0x7749f4]
V  [jvm.dll+0x62adf5]
C  [ucrtbase.dll+0x26c0c]
C  [KERNEL32.DLL+0x155a0]
C  [ntdll.dll+0x485b]


---------------  P R O C E S S  ---------------

Threads class SMR info:
_java_thread_list=0x0000021f91db71d0, length=55, elements={
0x0000021fea239800, 0x0000021ffb659800, 0x0000021ffb662800, 0x0000021ffb6bf000,
0x0000021ffb6c0000, 0x0000021ffb6c1000, 0x0000021ffb6c8000, 0x0000021ffb6c9800,
0x0000021ffb6cf800, 0x0000021ffb83b000, 0x0000021fff09b800, 0x0000021ffdb8f800,
0x0000021ffe99d000, 0x0000021ffdeb4000, 0x0000021ffdeb0000, 0x0000021ffdeb1800,
0x0000021ffdeb2800, 0x0000021ffdeb3000, 0x0000021ffdeb5000, 0x0000021fff667000,
0x0000021fff666000, 0x0000021fff669800, 0x0000021fff66f000, 0x0000021fff670800,
0x0000021fff66c000, 0x0000021fff670000, 0x0000021fff66c800, 0x0000021fff671800,
0x0000021f908ff000, 0x0000021f908f9000, 0x0000021f90900000, 0x0000021f90903000,
0x0000021f90902000, 0x0000021f90904000, 0x0000021f90901800, 0x0000021f90900800,
0x0000021f90449800, 0x0000021f9044d800, 0x0000021f92e92000, 0x0000021f92e9d800,
0x0000021f92e9b000, 0x0000021f92e9e800, 0x0000021f9b376000, 0x0000021f9b36b000,
0x0000021f9b36a800, 0x0000021f9b36c000, 0x0000021f9b36d000, 0x0000021f9b369000,
0x0000021f9b36d800, 0x0000021f9b368000, 0x0000021f9b369800, 0x0000021f9b36f800,
0x0000021f9b372800, 0x0000021f9b370000, 0x0000021f91375800
}

Java Threads: ( => current thread )
  0x0000021fea239800 JavaThread "main" [_thread_blocked, id=8240, stack(0x000000c935d00000,0x000000c935e00000)]
  0x0000021ffb659800 JavaThread "Reference Handler" daemon [_thread_blocked, id=7724, stack(0x000000c936400000,0x000000c936500000)]
  0x0000021ffb662800 JavaThread "Finalizer" daemon [_thread_blocked, id=17336, stack(0x000000c936500000,0x000000c936600000)]
  0x0000021ffb6bf000 JavaThread "Signal Dispatcher" daemon [_thread_blocked, id=11724, stack(0x000000c936600000,0x000000c936700000)]
  0x0000021ffb6c0000 JavaThread "Attach Listener" daemon [_thread_blocked, id=22232, stack(0x000000c936700000,0x000000c936800000)]
  0x0000021ffb6c1000 JavaThread "Service Thread" daemon [_thread_blocked, id=21904, stack(0x000000c936800000,0x000000c936900000)]
=>0x0000021ffb6c8000 JavaThread "C2 CompilerThread0" daemon [_thread_in_native, id=9324, stack(0x000000c936900000,0x000000c936a00000)]
  0x0000021ffb6c9800 JavaThread "C1 CompilerThread0" daemon [_thread_blocked, id=8756, stack(0x000000c936a00000,0x000000c936b00000)]
  0x0000021ffb6cf800 JavaThread "Sweeper thread" daemon [_thread_blocked, id=6016, stack(0x000000c936b00000,0x000000c936c00000)]
  0x0000021ffb83b000 JavaThread "Common-Cleaner" daemon [_thread_blocked, id=6076, stack(0x000000c936d00000,0x000000c936e00000)]
  0x0000021fff09b800 JavaThread "Daemon health stats" [_thread_blocked, id=13192, stack(0x000000c937900000,0x000000c937a00000)]
  0x0000021ffdb8f800 JavaThread "Incoming local TCP Connector on port 54943" [_thread_in_native, id=10684, stack(0x000000c937a00000,0x000000c937b00000)]
  0x0000021ffe99d000 JavaThread "Daemon periodic checks" [_thread_blocked, id=16016, stack(0x000000c937b00000,0x000000c937c00000)]
  0x0000021ffdeb4000 JavaThread "Cache worker for journal cache (C:\Users\Admin\.gradle\caches\journal-1)" [_thread_blocked, id=5768, stack(0x000000c938300000,0x000000c938400000)]
  0x0000021ffdeb0000 JavaThread "File lock request listener" [_thread_in_native, id=12328, stack(0x000000c938400000,0x000000c938500000)]
  0x0000021ffdeb1800 JavaThread "Cache worker for file hash cache (C:\Users\Admin\.gradle\caches\7.5.1\fileHashes)" [_thread_blocked, id=8584, stack(0x000000c938500000,0x000000c938600000)]
  0x0000021ffdeb2800 JavaThread "File watcher server" daemon [_thread_in_native, id=19420, stack(0x000000c937100000,0x000000c937200000)]
  0x0000021ffdeb3000 JavaThread "File watcher consumer" daemon [_thread_blocked, id=14700, stack(0x000000c938f00000,0x000000c939000000)]
  0x0000021ffdeb5000 JavaThread "Cache worker for file content cache (C:\Users\Admin\.gradle\caches\7.5.1\fileContent)" [_thread_blocked, id=19412, stack(0x000000c939200000,0x000000c939300000)]
  0x0000021fff667000 JavaThread "Cache worker for execution history cache (C:\Users\Admin\.gradle\caches\7.5.1\executionHistory)" [_thread_blocked, id=15676, stack(0x000000c939500000,0x000000c939600000)]
  0x0000021fff666000 JavaThread "jar transforms" [_thread_blocked, id=7920, stack(0x000000c939800000,0x000000c939900000)]
  0x0000021fff669800 JavaThread "jar transforms Thread 2" [_thread_blocked, id=21532, stack(0x000000c939900000,0x000000c939a00000)]
  0x0000021fff66f000 JavaThread "jar transforms Thread 3" [_thread_blocked, id=19688, stack(0x000000c939a00000,0x000000c939b00000)]
  0x0000021fff670800 JavaThread "jar transforms Thread 4" [_thread_blocked, id=11160, stack(0x000000c939b00000,0x000000c939c00000)]
  0x0000021fff66c000 JavaThread "Cache worker for kotlin-dsl (C:\Users\Admin\.gradle\caches\7.5.1\kotlin-dsl)" [_thread_blocked, id=2544, stack(0x000000c939600000,0x000000c939700000)]
  0x0000021fff670000 JavaThread "jar transforms Thread 5" [_thread_blocked, id=18028, stack(0x000000c939c00000,0x000000c939d00000)]
  0x0000021fff66c800 JavaThread "jar transforms Thread 6" [_thread_blocked, id=10340, stack(0x000000c939d00000,0x000000c939e00000)]
  0x0000021fff671800 JavaThread "jar transforms Thread 7" [_thread_blocked, id=20596, stack(0x000000c93a000000,0x000000c93a100000)]
  0x0000021f908ff000 JavaThread "jar transforms Thread 8" [_thread_blocked, id=3132, stack(0x000000c93c200000,0x000000c93c300000)]
  0x0000021f908f9000 JavaThread "jar transforms Thread 9" [_thread_blocked, id=5836, stack(0x000000c93c300000,0x000000c93c400000)]
  0x0000021f90900000 JavaThread "jar transforms Thread 10" [_thread_blocked, id=5272, stack(0x000000c93c400000,0x000000c93c500000)]
  0x0000021f90903000 JavaThread "jar transforms Thread 11" [_thread_blocked, id=680, stack(0x000000c93c500000,0x000000c93c600000)]
  0x0000021f90902000 JavaThread "jar transforms Thread 12" [_thread_blocked, id=17148, stack(0x000000c93c600000,0x000000c93c700000)]
  0x0000021f90904000 JavaThread "jar transforms Thread 13" [_thread_blocked, id=20404, stack(0x000000c93c700000,0x000000c93c800000)]
  0x0000021f90901800 JavaThread "jar transforms Thread 14" [_thread_blocked, id=19660, stack(0x000000c93c800000,0x000000c93c900000)]
  0x0000021f90900800 JavaThread "jar transforms Thread 15" [_thread_blocked, id=10136, stack(0x000000c93c900000,0x000000c93ca00000)]
  0x0000021f90449800 JavaThread "jar transforms Thread 16" [_thread_blocked, id=18972, stack(0x000000c93ca00000,0x000000c93cb00000)]
  0x0000021f9044d800 JavaThread "Memory manager" [_thread_blocked, id=20924, stack(0x000000c93cc00000,0x000000c93cd00000)]
  0x0000021f92e92000 JavaThread "pool-3-thread-1" [_thread_blocked, id=21444, stack(0x000000c946100000,0x000000c946200000)]
  0x0000021f92e9d800 JavaThread "Monitor" [_thread_in_native, id=19208, stack(0x000000c946400000,0x000000c946500000)]
  0x0000021f92e9b000 JavaThread "JdwpProxyConnection" [_thread_in_native, id=9448, stack(0x000000c946500000,0x000000c946600000)]
  0x0000021f92e9e800 JavaThread "Device List Monitor" [_thread_in_native, id=19680, stack(0x000000c946600000,0x000000c946700000)]
  0x0000021f9b376000 JavaThread "pool-6-thread-1" [_thread_blocked, id=10520, stack(0x000000c945f00000,0x000000c946000000)]
  0x0000021f9b36b000 JavaThread "Daemon Thread 3" [_thread_blocked, id=19436, stack(0x000000c935a00000,0x000000c935b00000)]
  0x0000021f9b36a800 JavaThread "Handler for socket connection from /127.0.0.1:54943 to /127.0.0.1:55291" [_thread_in_native, id=4512, stack(0x000000c935b00000,0x000000c935c00000)]
  0x0000021f9b36c000 JavaThread "Cancel handler" [_thread_blocked, id=2320, stack(0x000000c935c00000,0x000000c935d00000)]
  0x0000021f9b36d000 JavaThread "Daemon worker Thread 3" [_thread_in_Java, id=4576, stack(0x000000c936c00000,0x000000c936d00000)]
  0x0000021f9b369000 JavaThread "Asynchronous log dispatcher for DefaultDaemonConnection: socket connection from /127.0.0.1:54943 to /127.0.0.1:55291" [_thread_blocked, id=15756, stack(0x000000c936f00000,0x000000c937000000)]
  0x0000021f9b36d800 JavaThread "Stdin handler" [_thread_blocked, id=15724, stack(0x000000c937000000,0x000000c937100000)]
  0x0000021f9b368000 JavaThread "Daemon client event forwarder" [_thread_blocked, id=21388, stack(0x000000c937200000,0x000000c937300000)]
  0x0000021f9b369800 JavaThread "Cache worker for checksums cache (C:\mob306\Newest\android\.gradle\7.5.1\checksums)" [_thread_blocked, id=19684, stack(0x000000c937300000,0x000000c937400000)]
  0x0000021f9b36f800 JavaThread "Cache worker for cache directory md-rule (C:\Users\Admin\.gradle\caches\7.5.1\md-rule)" [_thread_blocked, id=1948, stack(0x000000c937c00000,0x000000c937d00000)]
  0x0000021f9b372800 JavaThread "Cache worker for file hash cache (C:\mob306\Newest\android\.gradle\7.5.1\fileHashes)" [_thread_blocked, id=7436, stack(0x000000c937d00000,0x000000c937e00000)]
  0x0000021f9b370000 JavaThread "Cache worker for cache directory md-supplier (C:\Users\Admin\.gradle\caches\7.5.1\md-supplier)" [_thread_blocked, id=6640, stack(0x000000c937e00000,0x000000c937f00000)]
  0x0000021f91375800 JavaThread "C2 CompilerThread1" daemon [_thread_in_native, id=20856, stack(0x000000c937f00000,0x000000c938000000)]

Other Threads:
  0x0000021ffae1e800 VMThread "VM Thread" [stack: 0x000000c936300000,0x000000c936400000] [id=8992]
  0x0000021ffb884800 WatcherThread [stack: 0x000000c936e00000,0x000000c936f00000] [id=8604]
  0x0000021fea252800 GCTaskThread "GC Thread#0" [stack: 0x000000c935e00000,0x000000c935f00000] [id=20760]
  0x0000021ffd27c000 GCTaskThread "GC Thread#1" [stack: 0x000000c937400000,0x000000c937500000] [id=5348]
  0x0000021ffc75d000 GCTaskThread "GC Thread#2" [stack: 0x000000c937500000,0x000000c937600000] [id=4644]
  0x0000021ffc0f8800 GCTaskThread "GC Thread#3" [stack: 0x000000c937600000,0x000000c937700000] [id=11136]
  0x0000021ffc0f9000 GCTaskThread "GC Thread#4" [stack: 0x000000c937700000,0x000000c937800000] [id=13112]
  0x0000021ffc55d800 GCTaskThread "GC Thread#5" [stack: 0x000000c937800000,0x000000c937900000] [id=628]
  0x0000021ffdf94800 GCTaskThread "GC Thread#6" [stack: 0x000000c938600000,0x000000c938700000] [id=8536]
  0x0000021ffdfc2800 GCTaskThread "GC Thread#7" [stack: 0x000000c938700000,0x000000c938800000] [id=14932]
  0x0000021ffcb34800 GCTaskThread "GC Thread#8" [stack: 0x000000c938800000,0x000000c938900000] [id=16876]
  0x0000021ffca2a000 GCTaskThread "GC Thread#9" [stack: 0x000000c938900000,0x000000c938a00000] [id=8252]
  0x0000021ffda8a000 GCTaskThread "GC Thread#10" [stack: 0x000000c938a00000,0x000000c938b00000] [id=22276]
  0x0000021ffda8e800 GCTaskThread "GC Thread#11" [stack: 0x000000c938b00000,0x000000c938c00000] [id=4300]
  0x0000021ffda8a800 GCTaskThread "GC Thread#12" [stack: 0x000000c938c00000,0x000000c938d00000] [id=6856]
  0x0000021fea286800 ConcurrentGCThread "G1 Main Marker" [stack: 0x000000c935f00000,0x000000c936000000] [id=2884]
  0x0000021fea289800 ConcurrentGCThread "G1 Conc#0" [stack: 0x000000c936000000,0x000000c936100000] [id=8268]
  0x0000021ffda8d000 ConcurrentGCThread "G1 Conc#1" [stack: 0x000000c938d00000,0x000000c938e00000] [id=11340]
  0x0000021ffda8c000 ConcurrentGCThread "G1 Conc#2" [stack: 0x000000c938e00000,0x000000c938f00000] [id=17136]
  0x0000021fea30d800 ConcurrentGCThread "G1 Refine#0" [stack: 0x000000c936100000,0x000000c936200000] [id=19648]
  0x0000021f91e7a800 ConcurrentGCThread "G1 Refine#1" [stack: 0x000000c946000000,0x000000c946100000] [id=22472]
  0x0000021fea30e800 ConcurrentGCThread "G1 Young RemSet Sampling" [stack: 0x000000c936200000,0x000000c936300000] [id=1380]

Threads with active compile tasks:
C2 CompilerThread0   237769 22294       4       org.gradle.internal.service.DefaultServiceRegistry$OwnServices::instanceRealized (209 bytes)
C2 CompilerThread1   237769 22299       4       java.util.concurrent.ArrayBlockingQueue::enqueue (53 bytes)

VM state:not at safepoint (normal execution)

VM Mutex/Monitor currently owned by a thread: None

Heap address: 0x0000000080000000, size: 2048 MB, Compressed Oops mode: 32-bit
Narrow klass base: 0x0000000000000000, Narrow klass shift: 3
Compressed class space size: 528482304 Address: 0x0000000100000000

Heap:
 garbage-first heap   total 258048K, used 211601K [0x0000000080000000, 0x0000000100000000)
  region size 1024K, 14 young (14336K), 2 survivors (2048K)
 Metaspace       used 127015K, capacity 132073K, committed 132232K, reserved 630784K
  class space    used 15888K, capacity 17754K, committed 17792K, reserved 516096K
Heap Regions: E=young(eden), S=young(survivor), O=old, HS=humongous(starts), HC=humongous(continues), CS=collection set, F=free, A=archive, TAMS=top-at-mark-start (previous, next)
|   0|0x0000000080000000, 0x0000000080100000, 0x0000000080100000|100%| O|  |TAMS 0x0000000080100000, 0x0000000080000000| Untracked 
|   1|0x0000000080100000, 0x0000000080200000, 0x0000000080200000|100%| O|  |TAMS 0x0000000080200000, 0x0000000080100000| Untracked 
|   2|0x0000000080200000, 0x0000000080300000, 0x0000000080300000|100%| O|  |TAMS 0x0000000080300000, 0x0000000080200000| Untracked 
|   3|0x0000000080300000, 0x0000000080400000, 0x0000000080400000|100%|HS|  |TAMS 0x0000000080400000, 0x0000000080300000| Complete 
|   4|0x0000000080400000, 0x0000000080500000, 0x0000000080500000|100%|HC|  |TAMS 0x0000000080500000, 0x0000000080400000| Complete 
|   5|0x0000000080500000, 0x0000000080600000, 0x0000000080600000|100%|HC|  |TAMS 0x0000000080600000, 0x0000000080500000| Complete 
|   6|0x0000000080600000, 0x0000000080700000, 0x0000000080700000|100%| O|  |TAMS 0x0000000080700000, 0x0000000080600000| Untracked 
|   7|0x0000000080700000, 0x0000000080800000, 0x0000000080800000|100%| O|  |TAMS 0x0000000080800000, 0x0000000080700000| Untracked 
|   8|0x0000000080800000, 0x0000000080900000, 0x0000000080900000|100%| O|  |TAMS 0x0000000080900000, 0x0000000080800000| Untracked 
|   9|0x0000000080900000, 0x0000000080a00000, 0x0000000080a00000|100%| O|  |TAMS 0x0000000080a00000, 0x0000000080900000| Untracked 
|  10|0x0000000080a00000, 0x0000000080b00000, 0x0000000080b00000|100%| O|  |TAMS 0x0000000080b00000, 0x0000000080a00000| Untracked 
|  11|0x0000000080b00000, 0x0000000080c00000, 0x0000000080c00000|100%| O|  |TAMS 0x0000000080c00000, 0x0000000080b00000| Untracked 
|  12|0x0000000080c00000, 0x0000000080d00000, 0x0000000080d00000|100%| O|  |TAMS 0x0000000080d00000, 0x0000000080c00000| Untracked 
|  13|0x0000000080d00000, 0x0000000080e00000, 0x0000000080e00000|100%| O|  |TAMS 0x0000000080e00000, 0x0000000080d00000| Untracked 
|  14|0x0000000080e00000, 0x0000000080f00000, 0x0000000080f00000|100%| O|  |TAMS 0x0000000080f00000, 0x0000000080e00000| Untracked 
|  15|0x0000000080f00000, 0x0000000081000000, 0x0000000081000000|100%| O|  |TAMS 0x0000000081000000, 0x0000000080f00000| Untracked 
|  16|0x0000000081000000, 0x0000000081100000, 0x0000000081100000|100%| O|  |TAMS 0x0000000081100000, 0x0000000081000000| Untracked 
|  17|0x0000000081100000, 0x0000000081200000, 0x0000000081200000|100%|HS|  |TAMS 0x0000000081200000, 0x0000000081100000| Complete 
|  18|0x0000000081200000, 0x0000000081300000, 0x0000000081300000|100%| O|  |TAMS 0x0000000081300000, 0x0000000081200000| Untracked 
|  19|0x0000000081300000, 0x0000000081400000, 0x0000000081400000|100%| O|  |TAMS 0x0000000081400000, 0x0000000081300000| Untracked 
|  20|0x0000000081400000, 0x0000000081500000, 0x0000000081500000|100%| O|  |TAMS 0x0000000081500000, 0x0000000081400000| Untracked 
|  21|0x0000000081500000, 0x0000000081600000, 0x0000000081600000|100%|HS|  |TAMS 0x0000000081600000, 0x0000000081500000| Complete 
|  22|0x0000000081600000, 0x0000000081700000, 0x0000000081700000|100%|HC|  |TAMS 0x0000000081700000, 0x0000000081600000| Complete 
|  23|0x0000000081700000, 0x0000000081800000, 0x0000000081800000|100%|HC|  |TAMS 0x0000000081800000, 0x0000000081700000| Complete 
|  24|0x0000000081800000, 0x0000000081900000, 0x0000000081900000|100%| O|  |TAMS 0x0000000081900000, 0x0000000081800000| Untracked 
|  25|0x0000000081900000, 0x0000000081a00000, 0x0000000081a00000|100%| O|  |TAMS 0x0000000081a00000, 0x0000000081900000| Untracked 
|  26|0x0000000081a00000, 0x0000000081b00000, 0x0000000081b00000|100%| O|  |TAMS 0x0000000081b00000, 0x0000000081a00000| Untracked 
|  27|0x0000000081b00000, 0x0000000081c00000, 0x0000000081c00000|100%| O|  |TAMS 0x0000000081c00000, 0x0000000081b00000| Untracked 
|  28|0x0000000081c00000, 0x0000000081d00000, 0x0000000081d00000|100%| O|  |TAMS 0x0000000081d00000, 0x0000000081c00000| Untracked 
|  29|0x0000000081d00000, 0x0000000081e00000, 0x0000000081e00000|100%| O|  |TAMS 0x0000000081e00000, 0x0000000081d00000| Untracked 
|  30|0x0000000081e00000, 0x0000000081f00000, 0x0000000081f00000|100%| O|  |TAMS 0x0000000081f00000, 0x0000000081e00000| Untracked 
|  31|0x0000000081f00000, 0x0000000082000000, 0x0000000082000000|100%| O|  |TAMS 0x0000000082000000, 0x0000000081f00000| Untracked 
|  32|0x0000000082000000, 0x0000000082100000, 0x0000000082100000|100%| O|  |TAMS 0x0000000082100000, 0x0000000082000000| Untracked 
|  33|0x0000000082100000, 0x0000000082200000, 0x0000000082200000|100%|HS|  |TAMS 0x0000000082200000, 0x0000000082100000| Complete 
|  34|0x0000000082200000, 0x0000000082300000, 0x0000000082300000|100%|HS|  |TAMS 0x0000000082300000, 0x0000000082200000| Complete 
|  35|0x0000000082300000, 0x0000000082400000, 0x0000000082400000|100%|HS|  |TAMS 0x0000000082400000, 0x0000000082300000| Complete 
|  36|0x0000000082400000, 0x0000000082500000, 0x0000000082500000|100%|HC|  |TAMS 0x0000000082500000, 0x0000000082400000| Complete 
|  37|0x0000000082500000, 0x0000000082600000, 0x0000000082600000|100%| O|  |TAMS 0x0000000082600000, 0x0000000082500000| Untracked 
|  38|0x0000000082600000, 0x0000000082700000, 0x0000000082700000|100%| O|  |TAMS 0x0000000082700000, 0x0000000082600000| Untracked 
|  39|0x0000000082700000, 0x0000000082800000, 0x0000000082800000|100%| O|  |TAMS 0x0000000082800000, 0x0000000082700000| Untracked 
|  40|0x0000000082800000, 0x0000000082900000, 0x0000000082900000|100%| O|  |TAMS 0x0000000082900000, 0x0000000082800000| Untracked 
|  41|0x0000000082900000, 0x0000000082a00000, 0x0000000082a00000|100%| O|  |TAMS 0x0000000082a00000, 0x0000000082900000| Untracked 
|  42|0x0000000082a00000, 0x0000000082b00000, 0x0000000082b00000|100%| O|  |TAMS 0x0000000082b00000, 0x0000000082a00000| Untracked 
|  43|0x0000000082b00000, 0x0000000082c00000, 0x0000000082c00000|100%| O|  |TAMS 0x0000000082c00000, 0x0000000082b00000| Untracked 
|  44|0x0000000082c00000, 0x0000000082d00000, 0x0000000082d00000|100%| O|  |TAMS 0x0000000082d00000, 0x0000000082c00000| Untracked 
|  45|0x0000000082d00000, 0x0000000082e00000, 0x0000000082e00000|100%| O|  |TAMS 0x0000000082e00000, 0x0000000082d00000| Untracked 
|  46|0x0000000082e00000, 0x0000000082f00000, 0x0000000082f00000|100%| O|  |TAMS 0x0000000082f00000, 0x0000000082e00000| Untracked 
|  47|0x0000000082f00000, 0x0000000083000000, 0x0000000083000000|100%| O|  |TAMS 0x0000000083000000, 0x0000000082f00000| Untracked 
|  48|0x0000000083000000, 0x0000000083100000, 0x0000000083100000|100%| O|  |TAMS 0x0000000083100000, 0x0000000083000000| Untracked 
|  49|0x0000000083100000, 0x0000000083200000, 0x0000000083200000|100%| O|  |TAMS 0x0000000083200000, 0x0000000083100000| Untracked 
|  50|0x0000000083200000, 0x0000000083300000, 0x0000000083300000|100%| O|  |TAMS 0x0000000083300000, 0x0000000083200000| Untracked 
|  51|0x0000000083300000, 0x0000000083400000, 0x0000000083400000|100%| O|  |TAMS 0x0000000083400000, 0x0000000083300000| Untracked 
|  52|0x0000000083400000, 0x0000000083500000, 0x0000000083500000|100%| O|  |TAMS 0x0000000083500000, 0x0000000083400000| Untracked 
|  53|0x0000000083500000, 0x0000000083600000, 0x0000000083600000|100%| O|  |TAMS 0x0000000083600000, 0x0000000083500000| Untracked 
|  54|0x0000000083600000, 0x0000000083700000, 0x0000000083700000|100%| O|  |TAMS 0x0000000083700000, 0x0000000083600000| Untracked 
|  55|0x0000000083700000, 0x0000000083800000, 0x0000000083800000|100%| O|  |TAMS 0x0000000083800000, 0x0000000083700000| Untracked 
|  56|0x0000000083800000, 0x0000000083900000, 0x0000000083900000|100%| O|  |TAMS 0x0000000083900000, 0x0000000083800000| Untracked 
|  57|0x0000000083900000, 0x0000000083a00000, 0x0000000083a00000|100%| O|  |TAMS 0x0000000083a00000, 0x0000000083900000| Untracked 
|  58|0x0000000083a00000, 0x0000000083b00000, 0x0000000083b00000|100%| O|  |TAMS 0x0000000083b00000, 0x0000000083a00000| Untracked 
|  59|0x0000000083b00000, 0x0000000083c00000, 0x0000000083c00000|100%| O|  |TAMS 0x0000000083c00000, 0x0000000083b00000| Untracked 
|  60|0x0000000083c00000, 0x0000000083d00000, 0x0000000083d00000|100%| O|  |TAMS 0x0000000083d00000, 0x0000000083c00000| Untracked 
|  61|0x0000000083d00000, 0x0000000083e00000, 0x0000000083e00000|100%| O|  |TAMS 0x0000000083e00000, 0x0000000083d00000| Untracked 
|  62|0x0000000083e00000, 0x0000000083f00000, 0x0000000083f00000|100%| O|  |TAMS 0x0000000083f00000, 0x0000000083e00000| Untracked 
|  63|0x0000000083f00000, 0x0000000084000000, 0x0000000084000000|100%| O|  |TAMS 0x0000000084000000, 0x0000000083f00000| Untracked 
|  64|0x0000000084000000, 0x0000000084100000, 0x0000000084100000|100%| O|  |TAMS 0x0000000084100000, 0x0000000084000000| Untracked 
|  65|0x0000000084100000, 0x0000000084200000, 0x0000000084200000|100%| O|  |TAMS 0x0000000084200000, 0x0000000084100000| Untracked 
|  66|0x0000000084200000, 0x0000000084300000, 0x0000000084300000|100%| O|  |TAMS 0x0000000084300000, 0x0000000084200000| Untracked 
|  67|0x0000000084300000, 0x0000000084400000, 0x0000000084400000|100%| O|  |TAMS 0x0000000084400000, 0x0000000084300000| Untracked 
|  68|0x0000000084400000, 0x0000000084500000, 0x0000000084500000|100%| O|  |TAMS 0x0000000084500000, 0x0000000084400000| Untracked 
|  69|0x0000000084500000, 0x0000000084600000, 0x0000000084600000|100%| O|  |TAMS 0x0000000084600000, 0x0000000084500000| Untracked 
|  70|0x0000000084600000, 0x0000000084700000, 0x0000000084700000|100%| O|  |TAMS 0x0000000084700000, 0x0000000084600000| Untracked 
|  71|0x0000000084700000, 0x0000000084800000, 0x0000000084800000|100%| O|  |TAMS 0x0000000084800000, 0x0000000084700000| Untracked 
|  72|0x0000000084800000, 0x0000000084900000, 0x0000000084900000|100%| O|  |TAMS 0x0000000084900000, 0x0000000084800000| Untracked 
|  73|0x0000000084900000, 0x0000000084a00000, 0x0000000084a00000|100%| O|  |TAMS 0x0000000084a00000, 0x0000000084900000| Untracked 
|  74|0x0000000084a00000, 0x0000000084b00000, 0x0000000084b00000|100%| O|  |TAMS 0x0000000084b00000, 0x0000000084a00000| Untracked 
|  75|0x0000000084b00000, 0x0000000084c00000, 0x0000000084c00000|100%| O|  |TAMS 0x0000000084c00000, 0x0000000084b00000| Untracked 
|  76|0x0000000084c00000, 0x0000000084d00000, 0x0000000084d00000|100%|HS|  |TAMS 0x0000000084d00000, 0x0000000084c00000| Complete 
|  77|0x0000000084d00000, 0x0000000084e00000, 0x0000000084e00000|100%|HC|  |TAMS 0x0000000084e00000, 0x0000000084d00000| Complete 
|  78|0x0000000084e00000, 0x0000000084f00000, 0x0000000084f00000|100%|HC|  |TAMS 0x0000000084f00000, 0x0000000084e00000| Complete 
|  79|0x0000000084f00000, 0x0000000085000000, 0x0000000085000000|100%|HS|  |TAMS 0x0000000085000000, 0x0000000084f00000| Complete 
|  80|0x0000000085000000, 0x0000000085100000, 0x0000000085100000|100%|HC|  |TAMS 0x0000000085100000, 0x0000000085000000| Complete 
|  81|0x0000000085100000, 0x0000000085200000, 0x0000000085200000|100%|HS|  |TAMS 0x0000000085200000, 0x0000000085100000| Complete 
|  82|0x0000000085200000, 0x0000000085300000, 0x0000000085300000|100%|HS|  |TAMS 0x0000000085300000, 0x0000000085200000| Complete 
|  83|0x0000000085300000, 0x0000000085400000, 0x0000000085400000|100%|HC|  |TAMS 0x0000000085400000, 0x0000000085300000| Complete 
|  84|0x0000000085400000, 0x0000000085500000, 0x0000000085500000|100%|HC|  |TAMS 0x0000000085500000, 0x0000000085400000| Complete 
|  85|0x0000000085500000, 0x0000000085600000, 0x0000000085600000|100%| O|  |TAMS 0x0000000085600000, 0x0000000085500000| Untracked 
|  86|0x0000000085600000, 0x0000000085700000, 0x0000000085700000|100%| O|  |TAMS 0x0000000085700000, 0x0000000085600000| Untracked 
|  87|0x0000000085700000, 0x0000000085800000, 0x0000000085800000|100%| O|  |TAMS 0x0000000085800000, 0x0000000085700000| Untracked 
|  88|0x0000000085800000, 0x0000000085900000, 0x0000000085900000|100%| O|  |TAMS 0x0000000085900000, 0x0000000085800000| Untracked 
|  89|0x0000000085900000, 0x0000000085a00000, 0x0000000085a00000|100%| O|  |TAMS 0x0000000085a00000, 0x0000000085900000| Untracked 
|  90|0x0000000085a00000, 0x0000000085b00000, 0x0000000085b00000|100%| O|  |TAMS 0x0000000085b00000, 0x0000000085a00000| Untracked 
|  91|0x0000000085b00000, 0x0000000085c00000, 0x0000000085c00000|100%| O|  |TAMS 0x0000000085c00000, 0x0000000085b00000| Untracked 
|  92|0x0000000085c00000, 0x0000000085d00000, 0x0000000085d00000|100%| O|  |TAMS 0x0000000085c9d400, 0x0000000085c00000| Untracked 
|  93|0x0000000085d00000, 0x0000000085e00000, 0x0000000085e00000|100%| O|  |TAMS 0x0000000085e00000, 0x0000000085d00000| Untracked 
|  94|0x0000000085e00000, 0x0000000085f00000, 0x0000000085f00000|100%| O|  |TAMS 0x0000000085e00000, 0x0000000085e00000| Untracked 
|  95|0x0000000085f00000, 0x0000000086000000, 0x0000000086000000|100%| O|  |TAMS 0x0000000086000000, 0x0000000085f00000| Untracked 
|  96|0x0000000086000000, 0x0000000086100000, 0x0000000086100000|100%|HS|  |TAMS 0x0000000086100000, 0x0000000086000000| Complete 
|  97|0x0000000086100000, 0x0000000086200000, 0x0000000086200000|100%|HS|  |TAMS 0x0000000086200000, 0x0000000086100000| Complete 
|  98|0x0000000086200000, 0x0000000086300000, 0x0000000086300000|100%|HC|  |TAMS 0x0000000086300000, 0x0000000086200000| Complete 
|  99|0x0000000086300000, 0x0000000086400000, 0x0000000086400000|100%|HC|  |TAMS 0x0000000086400000, 0x0000000086300000| Complete 
| 100|0x0000000086400000, 0x0000000086500000, 0x0000000086500000|100%|HS|  |TAMS 0x0000000086500000, 0x0000000086400000| Complete 
| 101|0x0000000086500000, 0x0000000086600000, 0x0000000086600000|100%| O|  |TAMS 0x0000000086600000, 0x0000000086500000| Untracked 
| 102|0x0000000086600000, 0x0000000086700000, 0x0000000086700000|100%| O|  |TAMS 0x0000000086700000, 0x0000000086600000| Untracked 
| 103|0x0000000086700000, 0x0000000086800000, 0x0000000086800000|100%| O|  |TAMS 0x0000000086800000, 0x0000000086700000| Untracked 
| 104|0x0000000086800000, 0x0000000086900000, 0x0000000086900000|100%| O|  |TAMS 0x0000000086900000, 0x0000000086800000| Untracked 
| 105|0x0000000086900000, 0x0000000086a00000, 0x0000000086a00000|100%| O|  |TAMS 0x0000000086a00000, 0x0000000086900000| Untracked 
| 106|0x0000000086a00000, 0x0000000086b00000, 0x0000000086b00000|100%| O|  |TAMS 0x0000000086b00000, 0x0000000086a00000| Untracked 
| 107|0x0000000086b00000, 0x0000000086c00000, 0x0000000086c00000|100%| O|  |TAMS 0x0000000086c00000, 0x0000000086b00000| Untracked 
| 108|0x0000000086c00000, 0x0000000086d00000, 0x0000000086d00000|100%| O|  |TAMS 0x0000000086c00000, 0x0000000086c00000| Untracked 
| 109|0x0000000086d00000, 0x0000000086e00000, 0x0000000086e00000|100%| O|  |TAMS 0x0000000086e00000, 0x0000000086d00000| Untracked 
| 110|0x0000000086e00000, 0x0000000086f00000, 0x0000000086f00000|100%| O|  |TAMS 0x0000000086e00000, 0x0000000086e00000| Untracked 
| 111|0x0000000086f00000, 0x0000000087000000, 0x0000000087000000|100%| O|  |TAMS 0x0000000087000000, 0x0000000086f00000| Untracked 
| 112|0x0000000087000000, 0x0000000087100000, 0x0000000087100000|100%| O|  |TAMS 0x0000000087100000, 0x0000000087000000| Untracked 
| 113|0x0000000087100000, 0x0000000087200000, 0x0000000087200000|100%| O|  |TAMS 0x0000000087200000, 0x0000000087100000| Untracked 
| 114|0x0000000087200000, 0x0000000087300000, 0x0000000087300000|100%| O|  |TAMS 0x0000000087300000, 0x0000000087200000| Untracked 
| 115|0x0000000087300000, 0x0000000087400000, 0x0000000087400000|100%| O|  |TAMS 0x0000000087400000, 0x0000000087300000| Untracked 
| 116|0x0000000087400000, 0x0000000087500000, 0x0000000087500000|100%| O|  |TAMS 0x0000000087500000, 0x0000000087400000| Untracked 
| 117|0x0000000087500000, 0x0000000087600000, 0x0000000087600000|100%| O|  |TAMS 0x0000000087600000, 0x0000000087500000| Untracked 
| 118|0x0000000087600000, 0x0000000087700000, 0x0000000087700000|100%| O|  |TAMS 0x0000000087700000, 0x0000000087600000| Untracked 
| 119|0x0000000087700000, 0x0000000087800000, 0x0000000087800000|100%| O|  |TAMS 0x0000000087800000, 0x0000000087700000| Untracked 
| 120|0x0000000087800000, 0x0000000087900000, 0x0000000087900000|100%| O|  |TAMS 0x0000000087800000, 0x0000000087800000| Untracked 
| 121|0x0000000087900000, 0x0000000087a00000, 0x0000000087a00000|100%| O|  |TAMS 0x0000000087a00000, 0x0000000087900000| Untracked 
| 122|0x0000000087a00000, 0x0000000087b00000, 0x0000000087b00000|100%| O|  |TAMS 0x0000000087b00000, 0x0000000087a00000| Untracked 
| 123|0x0000000087b00000, 0x0000000087c00000, 0x0000000087c00000|100%| O|  |TAMS 0x0000000087c00000, 0x0000000087b00000| Untracked 
| 124|0x0000000087c00000, 0x0000000087d00000, 0x0000000087d00000|100%| O|  |TAMS 0x0000000087d00000, 0x0000000087c00000| Untracked 
| 125|0x0000000087d00000, 0x0000000087e00000, 0x0000000087e00000|100%| O|  |TAMS 0x0000000087e00000, 0x0000000087d00000| Untracked 
| 126|0x0000000087e00000, 0x0000000087f00000, 0x0000000087f00000|100%| O|  |TAMS 0x0000000087f00000, 0x0000000087e00000| Untracked 
| 127|0x0000000087f00000, 0x0000000088000000, 0x0000000088000000|100%| O|  |TAMS 0x0000000088000000, 0x0000000087f00000| Untracked 
| 128|0x0000000088000000, 0x0000000088100000, 0x0000000088100000|100%| O|  |TAMS 0x0000000088100000, 0x0000000088000000| Untracked 
| 129|0x0000000088100000, 0x0000000088200000, 0x0000000088200000|100%| O|  |TAMS 0x0000000088200000, 0x0000000088100000| Untracked 
| 130|0x0000000088200000, 0x0000000088300000, 0x0000000088300000|100%| O|  |TAMS 0x0000000088300000, 0x0000000088200000| Untracked 
| 131|0x0000000088300000, 0x0000000088400000, 0x0000000088400000|100%| O|  |TAMS 0x0000000088400000, 0x0000000088300000| Untracked 
| 132|0x0000000088400000, 0x0000000088500000, 0x0000000088500000|100%| O|  |TAMS 0x0000000088500000, 0x0000000088400000| Untracked 
| 133|0x0000000088500000, 0x0000000088600000, 0x0000000088600000|100%| O|  |TAMS 0x0000000088600000, 0x0000000088500000| Untracked 
| 134|0x0000000088600000, 0x0000000088700000, 0x0000000088700000|100%| O|  |TAMS 0x0000000088700000, 0x0000000088600000| Untracked 
| 135|0x0000000088700000, 0x0000000088800000, 0x0000000088800000|100%| O|  |TAMS 0x0000000088800000, 0x0000000088700000| Untracked 
| 136|0x0000000088800000, 0x0000000088900000, 0x0000000088900000|100%| O|  |TAMS 0x0000000088900000, 0x0000000088800000| Untracked 
| 137|0x0000000088900000, 0x0000000088a00000, 0x0000000088a00000|100%| O|  |TAMS 0x0000000088900000, 0x0000000088900000| Untracked 
| 138|0x0000000088a00000, 0x0000000088b00000, 0x0000000088b00000|100%| O|  |TAMS 0x0000000088a00000, 0x0000000088a00000| Untracked 
| 139|0x0000000088b00000, 0x0000000088c00000, 0x0000000088c00000|100%| O|  |TAMS 0x0000000088c00000, 0x0000000088b00000| Untracked 
| 140|0x0000000088c00000, 0x0000000088d00000, 0x0000000088d00000|100%| O|  |TAMS 0x0000000088d00000, 0x0000000088c00000| Untracked 
| 141|0x0000000088d00000, 0x0000000088e00000, 0x0000000088e00000|100%| O|  |TAMS 0x0000000088d00000, 0x0000000088d00000| Untracked 
| 142|0x0000000088e00000, 0x0000000088f00000, 0x0000000088f00000|100%| O|  |TAMS 0x0000000088e00000, 0x0000000088e00000| Untracked 
| 143|0x0000000088f00000, 0x0000000088fbc600, 0x0000000089000000| 73%| O|  |TAMS 0x0000000088f00000, 0x0000000088f00000| Untracked 
| 144|0x0000000089000000, 0x0000000089000000, 0x0000000089100000|  0%| F|  |TAMS 0x0000000089000000, 0x0000000089000000| Untracked 
| 145|0x0000000089100000, 0x0000000089100000, 0x0000000089200000|  0%| F|  |TAMS 0x0000000089100000, 0x0000000089100000| Untracked 
| 146|0x0000000089200000, 0x0000000089200000, 0x0000000089300000|  0%| F|  |TAMS 0x0000000089200000, 0x0000000089200000| Untracked 
| 147|0x0000000089300000, 0x0000000089300000, 0x0000000089400000|  0%| F|  |TAMS 0x0000000089300000, 0x0000000089300000| Untracked 
| 148|0x0000000089400000, 0x0000000089400000, 0x0000000089500000|  0%| F|  |TAMS 0x0000000089400000, 0x0000000089400000| Untracked 
| 149|0x0000000089500000, 0x0000000089500000, 0x0000000089600000|  0%| F|  |TAMS 0x0000000089500000, 0x0000000089500000| Untracked 
| 150|0x0000000089600000, 0x0000000089700000, 0x0000000089700000|100%| O|  |TAMS 0x0000000089700000, 0x0000000089600000| Untracked 
| 151|0x0000000089700000, 0x0000000089800000, 0x0000000089800000|100%| O|  |TAMS 0x0000000089800000, 0x0000000089700000| Untracked 
| 152|0x0000000089800000, 0x0000000089900000, 0x0000000089900000|100%| O|  |TAMS 0x0000000089900000, 0x0000000089800000| Untracked 
| 153|0x0000000089900000, 0x0000000089900000, 0x0000000089a00000|  0%| F|  |TAMS 0x0000000089900000, 0x0000000089900000| Untracked 
| 154|0x0000000089a00000, 0x0000000089a00000, 0x0000000089b00000|  0%| F|  |TAMS 0x0000000089a00000, 0x0000000089a00000| Untracked 
| 155|0x0000000089b00000, 0x0000000089b00000, 0x0000000089c00000|  0%| F|  |TAMS 0x0000000089b00000, 0x0000000089b00000| Untracked 
| 156|0x0000000089c00000, 0x0000000089c00000, 0x0000000089d00000|  0%| F|  |TAMS 0x0000000089c00000, 0x0000000089c00000| Untracked 
| 157|0x0000000089d00000, 0x0000000089e00000, 0x0000000089e00000|100%| O|  |TAMS 0x0000000089e00000, 0x0000000089d00000| Untracked 
| 158|0x0000000089e00000, 0x0000000089f00000, 0x0000000089f00000|100%| O|  |TAMS 0x0000000089f00000, 0x0000000089e00000| Untracked 
| 159|0x0000000089f00000, 0x000000008a000000, 0x000000008a000000|100%| O|  |TAMS 0x000000008a000000, 0x0000000089f00000| Untracked 
| 160|0x000000008a000000, 0x000000008a100000, 0x000000008a100000|100%| O|  |TAMS 0x000000008a100000, 0x000000008a000000| Untracked 
| 161|0x000000008a100000, 0x000000008a200000, 0x000000008a200000|100%| O|  |TAMS 0x000000008a200000, 0x000000008a100000| Untracked 
| 162|0x000000008a200000, 0x000000008a300000, 0x000000008a300000|100%| O|  |TAMS 0x000000008a300000, 0x000000008a200000| Untracked 
| 163|0x000000008a300000, 0x000000008a400000, 0x000000008a400000|100%| O|  |TAMS 0x000000008a400000, 0x000000008a300000| Untracked 
| 164|0x000000008a400000, 0x000000008a500000, 0x000000008a500000|100%| O|  |TAMS 0x000000008a500000, 0x000000008a400000| Untracked 
| 165|0x000000008a500000, 0x000000008a600000, 0x000000008a600000|100%| O|  |TAMS 0x000000008a600000, 0x000000008a500000| Untracked 
| 166|0x000000008a600000, 0x000000008a700000, 0x000000008a700000|100%| O|  |TAMS 0x000000008a700000, 0x000000008a600000| Untracked 
| 167|0x000000008a700000, 0x000000008a700000, 0x000000008a800000|  0%| F|  |TAMS 0x000000008a700000, 0x000000008a700000| Untracked 
| 168|0x000000008a800000, 0x000000008a800000, 0x000000008a900000|  0%| F|  |TAMS 0x000000008a800000, 0x000000008a800000| Untracked 
| 169|0x000000008a900000, 0x000000008aa00000, 0x000000008aa00000|100%| O|  |TAMS 0x000000008aa00000, 0x000000008a900000| Untracked 
| 170|0x000000008aa00000, 0x000000008aa00000, 0x000000008ab00000|  0%| F|  |TAMS 0x000000008aa00000, 0x000000008aa00000| Untracked 
| 171|0x000000008ab00000, 0x000000008ab00000, 0x000000008ac00000|  0%| F|  |TAMS 0x000000008ab00000, 0x000000008ab00000| Untracked 
| 172|0x000000008ac00000, 0x000000008ad00000, 0x000000008ad00000|100%| O|  |TAMS 0x000000008ad00000, 0x000000008ac00000| Untracked 
| 173|0x000000008ad00000, 0x000000008ae00000, 0x000000008ae00000|100%| O|  |TAMS 0x000000008ae00000, 0x000000008ad00000| Untracked 
| 174|0x000000008ae00000, 0x000000008af00000, 0x000000008af00000|100%| O|  |TAMS 0x000000008af00000, 0x000000008ae00000| Untracked 
| 175|0x000000008af00000, 0x000000008b000000, 0x000000008b000000|100%| O|  |TAMS 0x000000008b000000, 0x000000008af00000| Untracked 
| 176|0x000000008b000000, 0x000000008b100000, 0x000000008b100000|100%| O|  |TAMS 0x000000008b100000, 0x000000008b000000| Untracked 
| 177|0x000000008b100000, 0x000000008b100000, 0x000000008b200000|  0%| F|  |TAMS 0x000000008b100000, 0x000000008b100000| Untracked 
| 178|0x000000008b200000, 0x000000008b300000, 0x000000008b300000|100%| O|  |TAMS 0x000000008b300000, 0x000000008b200000| Untracked 
| 179|0x000000008b300000, 0x000000008b400000, 0x000000008b400000|100%| O|  |TAMS 0x000000008b400000, 0x000000008b300000| Untracked 
| 180|0x000000008b400000, 0x000000008b500000, 0x000000008b500000|100%| O|  |TAMS 0x000000008b500000, 0x000000008b400000| Untracked 
| 181|0x000000008b500000, 0x000000008b600000, 0x000000008b600000|100%| O|  |TAMS 0x000000008b600000, 0x000000008b500000| Untracked 
| 182|0x000000008b600000, 0x000000008b600000, 0x000000008b700000|  0%| F|  |TAMS 0x000000008b600000, 0x000000008b600000| Untracked 
| 183|0x000000008b700000, 0x000000008b700000, 0x000000008b800000|  0%| F|  |TAMS 0x000000008b700000, 0x000000008b700000| Untracked 
| 184|0x000000008b800000, 0x000000008b900000, 0x000000008b900000|100%| O|  |TAMS 0x000000008b900000, 0x000000008b800000| Untracked 
| 185|0x000000008b900000, 0x000000008b900000, 0x000000008ba00000|  0%| F|  |TAMS 0x000000008b900000, 0x000000008b900000| Untracked 
| 186|0x000000008ba00000, 0x000000008ba00000, 0x000000008bb00000|  0%| F|  |TAMS 0x000000008ba00000, 0x000000008ba00000| Untracked 
| 187|0x000000008bb00000, 0x000000008bc00000, 0x000000008bc00000|100%| O|  |TAMS 0x000000008bc00000, 0x000000008bb00000| Untracked 
| 188|0x000000008bc00000, 0x000000008bd00000, 0x000000008bd00000|100%| O|  |TAMS 0x000000008bd00000, 0x000000008bc00000| Untracked 
| 189|0x000000008bd00000, 0x000000008be00000, 0x000000008be00000|100%| O|  |TAMS 0x000000008be00000, 0x000000008bd00000| Untracked 
| 190|0x000000008be00000, 0x000000008bf00000, 0x000000008bf00000|100%| O|  |TAMS 0x000000008bf00000, 0x000000008be00000| Untracked 
| 191|0x000000008bf00000, 0x000000008c000000, 0x000000008c000000|100%| O|  |TAMS 0x000000008c000000, 0x000000008bf00000| Untracked 
| 192|0x000000008c000000, 0x000000008c100000, 0x000000008c100000|100%| O|  |TAMS 0x000000008c100000, 0x000000008c000000| Untracked 
| 193|0x000000008c100000, 0x000000008c200000, 0x000000008c200000|100%| O|  |TAMS 0x000000008c200000, 0x000000008c100000| Untracked 
| 194|0x000000008c200000, 0x000000008c300000, 0x000000008c300000|100%| O|  |TAMS 0x000000008c300000, 0x000000008c200000| Untracked 
| 195|0x000000008c300000, 0x000000008c400000, 0x000000008c400000|100%| O|  |TAMS 0x000000008c400000, 0x000000008c300000| Untracked 
| 196|0x000000008c400000, 0x000000008c500000, 0x000000008c500000|100%| O|  |TAMS 0x000000008c500000, 0x000000008c400000| Untracked 
| 197|0x000000008c500000, 0x000000008c600000, 0x000000008c600000|100%| O|  |TAMS 0x000000008c600000, 0x000000008c500000| Untracked 
| 198|0x000000008c600000, 0x000000008c700000, 0x000000008c700000|100%| O|  |TAMS 0x000000008c700000, 0x000000008c600000| Untracked 
| 199|0x000000008c700000, 0x000000008c800000, 0x000000008c800000|100%| O|  |TAMS 0x000000008c800000, 0x000000008c700000| Untracked 
| 200|0x000000008c800000, 0x000000008c900000, 0x000000008c900000|100%| O|  |TAMS 0x000000008c900000, 0x000000008c800000| Untracked 
| 201|0x000000008c900000, 0x000000008ca00000, 0x000000008ca00000|100%| O|  |TAMS 0x000000008ca00000, 0x000000008c900000| Untracked 
| 202|0x000000008ca00000, 0x000000008cb00000, 0x000000008cb00000|100%| O|  |TAMS 0x000000008cb00000, 0x000000008ca00000| Untracked 
| 203|0x000000008cb00000, 0x000000008cc00000, 0x000000008cc00000|100%| O|  |TAMS 0x000000008cc00000, 0x000000008cb00000| Untracked 
| 204|0x000000008cc00000, 0x000000008cd00000, 0x000000008cd00000|100%| O|  |TAMS 0x000000008cd00000, 0x000000008cc00000| Untracked 
| 205|0x000000008cd00000, 0x000000008ce00000, 0x000000008ce00000|100%| O|  |TAMS 0x000000008ce00000, 0x000000008cd00000| Untracked 
| 206|0x000000008ce00000, 0x000000008cf00000, 0x000000008cf00000|100%| O|  |TAMS 0x000000008cf00000, 0x000000008ce00000| Untracked 
| 207|0x000000008cf00000, 0x000000008d000000, 0x000000008d000000|100%| O|  |TAMS 0x000000008d000000, 0x000000008cf00000| Untracked 
| 208|0x000000008d000000, 0x000000008d100000, 0x000000008d100000|100%| O|  |TAMS 0x000000008d100000, 0x000000008d000000| Untracked 
| 209|0x000000008d100000, 0x000000008d200000, 0x000000008d200000|100%| O|  |TAMS 0x000000008d200000, 0x000000008d100000| Untracked 
| 210|0x000000008d200000, 0x000000008d300000, 0x000000008d300000|100%| O|  |TAMS 0x000000008d300000, 0x000000008d200000| Untracked 
| 211|0x000000008d300000, 0x000000008d400000, 0x000000008d400000|100%| O|  |TAMS 0x000000008d400000, 0x000000008d300000| Untracked 
| 212|0x000000008d400000, 0x000000008d500000, 0x000000008d500000|100%| O|  |TAMS 0x000000008d500000, 0x000000008d400000| Untracked 
| 213|0x000000008d500000, 0x000000008d600000, 0x000000008d600000|100%| O|  |TAMS 0x000000008d600000, 0x000000008d500000| Untracked 
| 214|0x000000008d600000, 0x000000008d600000, 0x000000008d700000|  0%| F|  |TAMS 0x000000008d600000, 0x000000008d600000| Untracked 
| 215|0x000000008d700000, 0x000000008d700000, 0x000000008d800000|  0%| F|  |TAMS 0x000000008d700000, 0x000000008d700000| Untracked 
| 216|0x000000008d800000, 0x000000008d800000, 0x000000008d900000|  0%| F|  |TAMS 0x000000008d800000, 0x000000008d800000| Untracked 
| 217|0x000000008d900000, 0x000000008d900000, 0x000000008da00000|  0%| F|  |TAMS 0x000000008d900000, 0x000000008d900000| Untracked 
| 218|0x000000008da00000, 0x000000008da00000, 0x000000008db00000|  0%| F|  |TAMS 0x000000008da00000, 0x000000008da00000| Untracked 
| 219|0x000000008db00000, 0x000000008db00000, 0x000000008dc00000|  0%| F|  |TAMS 0x000000008db00000, 0x000000008db00000| Untracked 
| 220|0x000000008dc00000, 0x000000008dc00000, 0x000000008dd00000|  0%| F|  |TAMS 0x000000008dc00000, 0x000000008dc00000| Untracked 
| 221|0x000000008dd00000, 0x000000008dd00000, 0x000000008de00000|  0%| F|  |TAMS 0x000000008dd00000, 0x000000008dd00000| Untracked 
| 222|0x000000008de00000, 0x000000008de00000, 0x000000008df00000|  0%| F|  |TAMS 0x000000008de00000, 0x000000008de00000| Untracked 
| 223|0x000000008df00000, 0x000000008df00000, 0x000000008e000000|  0%| F|  |TAMS 0x000000008df00000, 0x000000008df00000| Untracked 
| 224|0x000000008e000000, 0x000000008e0e8058, 0x000000008e100000| 90%| S|CS|TAMS 0x000000008e000000, 0x000000008e000000| Complete 
| 225|0x000000008e100000, 0x000000008e100000, 0x000000008e200000|  0%| F|  |TAMS 0x000000008e100000, 0x000000008e100000| Untracked 
| 226|0x000000008e200000, 0x000000008e200000, 0x000000008e300000|  0%| F|  |TAMS 0x000000008e200000, 0x000000008e200000| Untracked 
| 227|0x000000008e300000, 0x000000008e400000, 0x000000008e400000|100%| S|CS|TAMS 0x000000008e300000, 0x000000008e300000| Complete 
| 228|0x000000008e400000, 0x000000008e400000, 0x000000008e500000|  0%| F|  |TAMS 0x000000008e400000, 0x000000008e400000| Untracked 
| 229|0x000000008e500000, 0x000000008e500000, 0x000000008e600000|  0%| F|  |TAMS 0x000000008e500000, 0x000000008e500000| Untracked 
| 230|0x000000008e600000, 0x000000008e600000, 0x000000008e700000|  0%| F|  |TAMS 0x000000008e600000, 0x000000008e600000| Untracked 
| 231|0x000000008e700000, 0x000000008e700000, 0x000000008e800000|  0%| F|  |TAMS 0x000000008e700000, 0x000000008e700000| Untracked 
| 232|0x000000008e800000, 0x000000008e800000, 0x000000008e900000|  0%| F|  |TAMS 0x000000008e800000, 0x000000008e800000| Untracked 
| 233|0x000000008e900000, 0x000000008e900000, 0x000000008ea00000|  0%| F|  |TAMS 0x000000008e900000, 0x000000008e900000| Untracked 
| 234|0x000000008ea00000, 0x000000008ea00000, 0x000000008eb00000|  0%| F|  |TAMS 0x000000008ea00000, 0x000000008ea00000| Untracked 
| 235|0x000000008eb00000, 0x000000008eb00000, 0x000000008ec00000|  0%| F|  |TAMS 0x000000008eb00000, 0x000000008eb00000| Untracked 
| 236|0x000000008ec00000, 0x000000008ec00000, 0x000000008ed00000|  0%| F|  |TAMS 0x000000008ec00000, 0x000000008ec00000| Untracked 
| 237|0x000000008ed00000, 0x000000008ed00000, 0x000000008ee00000|  0%| F|  |TAMS 0x000000008ed00000, 0x000000008ed00000| Untracked 
| 238|0x000000008ee00000, 0x000000008ee00000, 0x000000008ef00000|  0%| F|  |TAMS 0x000000008ee00000, 0x000000008ee00000| Untracked 
| 239|0x000000008ef00000, 0x000000008efc7308, 0x000000008f000000| 77%| E|  |TAMS 0x000000008ef00000, 0x000000008ef00000| Complete 
| 240|0x000000008f000000, 0x000000008f100000, 0x000000008f100000|100%| E|CS|TAMS 0x000000008f000000, 0x000000008f000000| Complete 
| 241|0x000000008f100000, 0x000000008f200000, 0x000000008f200000|100%| E|CS|TAMS 0x000000008f100000, 0x000000008f100000| Complete 
| 242|0x000000008f200000, 0x000000008f300000, 0x000000008f300000|100%| E|CS|TAMS 0x000000008f200000, 0x000000008f200000| Complete 
| 243|0x000000008f300000, 0x000000008f400000, 0x000000008f400000|100%| E|CS|TAMS 0x000000008f300000, 0x000000008f300000| Complete 
| 244|0x000000008f400000, 0x000000008f500000, 0x000000008f500000|100%| E|  |TAMS 0x000000008f400000, 0x000000008f400000| Complete 
| 245|0x000000008f500000, 0x000000008f600000, 0x000000008f600000|100%| E|CS|TAMS 0x000000008f500000, 0x000000008f500000| Complete 
| 246|0x000000008f600000, 0x000000008f700000, 0x000000008f700000|100%| E|CS|TAMS 0x000000008f600000, 0x000000008f600000| Complete 
| 247|0x000000008f700000, 0x000000008f800000, 0x000000008f800000|100%| E|CS|TAMS 0x000000008f700000, 0x000000008f700000| Complete 
| 248|0x000000008f800000, 0x000000008f900000, 0x000000008f900000|100%| E|CS|TAMS 0x000000008f800000, 0x000000008f800000| Complete 
| 249|0x000000008f900000, 0x000000008fa00000, 0x000000008fa00000|100%| E|CS|TAMS 0x000000008f900000, 0x000000008f900000| Complete 
| 250|0x000000008fa00000, 0x000000008fb00000, 0x000000008fb00000|100%| E|CS|TAMS 0x000000008fa00000, 0x000000008fa00000| Complete 
| 251|0x000000008fb00000, 0x000000008fc00000, 0x000000008fc00000|100%| E|CS|TAMS 0x000000008fb00000, 0x000000008fb00000| Complete 

Card table byte_map: [0x0000021ff3630000,0x0000021ff3a30000] _byte_map_base: 0x0000021ff3230000

Marking Bits (Prev, Next): (CMBitMap*) 0x0000021fea27cc48, (CMBitMap*) 0x0000021fea27cc80
 Prev Bits: [0x0000021ff3e30000, 0x0000021ff5e30000)
 Next Bits: [0x0000021ff5e30000, 0x0000021ff7e30000)

Polling page: 0x0000021fe8200000

Metaspace:

Usage:
  Non-class:    111.73 MB capacity,   108.59 MB ( 97%) used,     2.71 MB (  2%) free+waste,   450.00 KB ( <1%) overhead. 
      Class:     17.34 MB capacity,    15.53 MB ( 90%) used,     1.62 MB (  9%) free+waste,   200.81 KB (  1%) overhead. 
       Both:    129.08 MB capacity,   124.11 MB ( 96%) used,     4.33 MB (  3%) free+waste,   650.81 KB ( <1%) overhead. 

Virtual space:
  Non-class space:      112.00 MB reserved,     111.76 MB (>99%) committed 
      Class space:      504.00 MB reserved,      17.38 MB (  3%) committed 
             Both:      616.00 MB reserved,     129.13 MB ( 21%) committed 

Chunk freelists:
   Non-Class:  26.00 KB
       Class:  0 bytes
        Both:  26.00 KB

MaxMetaspaceSize: 512.00 MB
CompressedClassSpaceSize: 504.00 MB
Initial GC threshold: 20.80 MB
Current GC threshold: 213.77 MB
CDS: off

CodeHeap 'non-profiled nmethods': size=119168Kb used=15933Kb max_used=15933Kb free=103234Kb
 bounds [0x0000021f87ba0000, 0x0000021f88b30000, 0x0000021f8f000000]
CodeHeap 'profiled nmethods': size=119168Kb used=46806Kb max_used=46806Kb free=72361Kb
 bounds [0x0000021f80740000, 0x0000021f83500000, 0x0000021f87ba0000]
CodeHeap 'non-nmethods': size=7424Kb used=2423Kb max_used=4198Kb free=5000Kb
 bounds [0x0000021f80000000, 0x0000021f80420000, 0x0000021f80740000]
 total_blobs=21686 nmethods=20737 adapters=858
 compilation: enabled
              stopped_count=0, restarted_count=0
 full_count=0

Compilation events (20 events):
Event: 237.708 Thread 0x0000021ffb6c9800 nmethod 22285 0x0000021f834efb10 code [0x0000021f834efce0, 0x0000021f834eff48]
Event: 237.708 Thread 0x0000021ffb6c9800 22286       3       com.google.common.util.concurrent.Striped$1::get (8 bytes)
Event: 237.709 Thread 0x0000021ffb6c9800 nmethod 22286 0x0000021f834f0090 code [0x0000021f834f0280, 0x0000021f834f0798]
Event: 237.709 Thread 0x0000021ffb6c9800 22287       3       com.google.common.util.concurrent.Striped$PaddedLock::<init> (6 bytes)
Event: 237.709 Thread 0x0000021ffb6c9800 nmethod 22287 0x0000021f834f0990 code [0x0000021f834f0b80, 0x0000021f834f0fd8]
Event: 237.709 Thread 0x0000021ffb6c9800 22288       3       org.gradle.internal.fingerprint.impl.AbstractDirectorySensitiveFingerprintingStrategy::<init> (18 bytes)
Event: 237.709 Thread 0x0000021ffb6c9800 nmethod 22288 0x0000021f834f1190 code [0x0000021f834f13a0, 0x0000021f834f19e8]
Event: 237.709 Thread 0x0000021ffb6c9800 22289       3       org.gradle.internal.fingerprint.impl.AbstractDirectorySensitiveFingerprintingStrategy$$Lambda$274/0x00000001003ebc40::get$Lambda (10 bytes)
Event: 237.709 Thread 0x0000021ffb6c9800 nmethod 22289 0x0000021f834f1c10 code [0x0000021f834f1de0, 0x0000021f834f2098]
Event: 237.709 Thread 0x0000021ffb6c9800 22290       3       org.gradle.internal.fingerprint.impl.AbstractDirectorySensitiveFingerprintingStrategy$$Lambda$274/0x00000001003ebc40::<init> (15 bytes)
Event: 237.709 Thread 0x0000021ffb6c9800 nmethod 22290 0x0000021f834f2190 code [0x0000021f834f2340, 0x0000021f834f2558]
Event: 237.713 Thread 0x0000021ffb6c8000 nmethod 22283 0x0000021f88b26f10 code [0x0000021f88b27140, 0x0000021f88b27a90]
Event: 237.713 Thread 0x0000021ffb6c8000 22294       4       org.gradle.internal.service.DefaultServiceRegistry$OwnServices::instanceRealized (209 bytes)
Event: 237.713 Thread 0x0000021f91375800 22291       4       java.lang.reflect.Proxy::newProxyInstance (35 bytes)
Event: 237.725 Thread 0x0000021f91375800 nmethod 22291 0x0000021f88b28110 code [0x0000021f88b283a0, 0x0000021f88b290f0]
Event: 237.725 Thread 0x0000021f91375800 22292       4       java.lang.reflect.Proxy::getProxyConstructor (92 bytes)
Event: 237.728 Thread 0x0000021f91375800 nmethod 22292 0x0000021f88b29a10 code [0x0000021f88b29c00, 0x0000021f88b2a058]
Event: 237.728 Thread 0x0000021f91375800 22293   !   4       java.lang.reflect.Proxy::newProxyInstance (75 bytes)
Event: 237.738 Thread 0x0000021f91375800 nmethod 22293 0x0000021f88b2a390 code [0x0000021f88b2a5c0, 0x0000021f88b2aed8]
Event: 237.738 Thread 0x0000021f91375800 22295 %     4       java.lang.StringCoding::decodeUTF8_0 @ 24 (891 bytes)

GC Heap History (20 events):
Event: 114.040 GC heap before
{Heap before GC invocations=74 (full 0):
 garbage-first heap   total 258048K, used 222399K [0x0000000080000000, 0x0000000100000000)
  region size 1024K, 32 young (32768K), 1 survivors (1024K)
 Metaspace       used 126106K, capacity 131090K, committed 131336K, reserved 630784K
  class space    used 15800K, capacity 17614K, committed 17664K, reserved 516096K
}
Event: 114.041 GC heap after
{Heap after GC invocations=75 (full 0):
 garbage-first heap   total 258048K, used 190659K [0x0000000080000000, 0x0000000100000000)
  region size 1024K, 1 young (1024K), 1 survivors (1024K)
 Metaspace       used 126106K, capacity 131090K, committed 131336K, reserved 630784K
  class space    used 15800K, capacity 17614K, committed 17664K, reserved 516096K
}
Event: 114.262 GC heap before
{Heap before GC invocations=75 (full 0):
 garbage-first heap   total 258048K, used 223427K [0x0000000080000000, 0x0000000100000000)
  region size 1024K, 33 young (33792K), 1 survivors (1024K)
 Metaspace       used 126106K, capacity 131090K, committed 131336K, reserved 630784K
  class space    used 15800K, capacity 17614K, committed 17664K, reserved 516096K
}
Event: 114.263 GC heap after
{Heap after GC invocations=76 (full 0):
 garbage-first heap   total 258048K, used 190653K [0x0000000080000000, 0x0000000100000000)
  region size 1024K, 1 young (1024K), 1 survivors (1024K)
 Metaspace       used 126106K, capacity 131090K, committed 131336K, reserved 630784K
  class space    used 15800K, capacity 17614K, committed 17664K, reserved 516096K
}
Event: 114.495 GC heap before
{Heap before GC invocations=76 (full 0):
 garbage-first heap   total 258048K, used 224445K [0x0000000080000000, 0x0000000100000000)
  region size 1024K, 34 young (34816K), 1 survivors (1024K)
 Metaspace       used 126106K, capacity 131090K, committed 131336K, reserved 630784K
  class space    used 15800K, capacity 17614K, committed 17664K, reserved 516096K
}
Event: 114.496 GC heap after
{Heap after GC invocations=77 (full 0):
 garbage-first heap   total 258048K, used 190653K [0x0000000080000000, 0x0000000100000000)
  region size 1024K, 1 young (1024K), 1 survivors (1024K)
 Metaspace       used 126106K, capacity 131090K, committed 131336K, reserved 630784K
  class space    used 15800K, capacity 17614K, committed 17664K, reserved 516096K
}
Event: 114.691 GC heap before
{Heap before GC invocations=77 (full 0):
 garbage-first heap   total 258048K, used 224445K [0x0000000080000000, 0x0000000100000000)
  region size 1024K, 34 young (34816K), 1 survivors (1024K)
 Metaspace       used 126239K, capacity 131266K, committed 131336K, reserved 630784K
  class space    used 15818K, capacity 17647K, committed 17664K, reserved 516096K
}
Event: 114.693 GC heap after
{Heap after GC invocations=78 (full 0):
 garbage-first heap   total 258048K, used 194058K [0x0000000080000000, 0x0000000100000000)
  region size 1024K, 4 young (4096K), 4 survivors (4096K)
 Metaspace       used 126239K, capacity 131266K, committed 131336K, reserved 630784K
  class space    used 15818K, capacity 17647K, committed 17664K, reserved 516096K
}
Event: 114.775 GC heap before
{Heap before GC invocations=78 (full 0):
 garbage-first heap   total 258048K, used 223754K [0x0000000080000000, 0x0000000100000000)
  region size 1024K, 33 young (33792K), 4 survivors (4096K)
 Metaspace       used 126304K, capacity 131389K, committed 131592K, reserved 630784K
  class space    used 15825K, capacity 17658K, committed 17664K, reserved 516096K
}
Event: 114.779 GC heap after
{Heap after GC invocations=79 (full 0):
 garbage-first heap   total 258048K, used 196797K [0x0000000080000000, 0x0000000100000000)
  region size 1024K, 4 young (4096K), 4 survivors (4096K)
 Metaspace       used 126304K, capacity 131389K, committed 131592K, reserved 630784K
  class space    used 15825K, capacity 17658K, committed 17664K, reserved 516096K
}
Event: 115.150 GC heap before
{Heap before GC invocations=79 (full 0):
 garbage-first heap   total 258048K, used 223421K [0x0000000080000000, 0x0000000100000000)
  region size 1024K, 30 young (30720K), 4 survivors (4096K)
 Metaspace       used 126473K, capacity 131453K, committed 131720K, reserved 630784K
  class space    used 15834K, capacity 17673K, committed 17792K, reserved 516096K
}
Event: 115.153 GC heap after
{Heap after GC invocations=80 (full 0):
 garbage-first heap   total 258048K, used 198319K [0x0000000080000000, 0x0000000100000000)
  region size 1024K, 2 young (2048K), 2 survivors (2048K)
 Metaspace       used 126473K, capacity 131453K, committed 131720K, reserved 630784K
  class space    used 15834K, capacity 17673K, committed 17792K, reserved 516096K
}
Event: 115.961 GC heap before
{Heap before GC invocations=80 (full 0):
 garbage-first heap   total 258048K, used 223919K [0x0000000080000000, 0x0000000100000000)
  region size 1024K, 27 young (27648K), 2 survivors (2048K)
 Metaspace       used 126473K, capacity 131453K, committed 131720K, reserved 630784K
  class space    used 15834K, capacity 17673K, committed 17792K, reserved 516096K
}
Event: 115.964 GC heap after
{Heap after GC invocations=81 (full 0):
 garbage-first heap   total 258048K, used 198248K [0x0000000080000000, 0x0000000100000000)
  region size 1024K, 2 young (2048K), 2 survivors (2048K)
 Metaspace       used 126473K, capacity 131453K, committed 131720K, reserved 630784K
  class space    used 15834K, capacity 17673K, committed 17792K, reserved 516096K
}
Event: 116.175 GC heap before
{Heap before GC invocations=81 (full 0):
 garbage-first heap   total 258048K, used 224872K [0x0000000080000000, 0x0000000100000000)
  region size 1024K, 28 young (28672K), 2 survivors (2048K)
 Metaspace       used 126702K, capacity 131781K, committed 131976K, reserved 630784K
  class space    used 15855K, capacity 17712K, committed 17792K, reserved 516096K
}
Event: 116.178 GC heap after
{Heap after GC invocations=82 (full 0):
 garbage-first heap   total 258048K, used 199678K [0x0000000080000000, 0x0000000100000000)
  region size 1024K, 3 young (3072K), 3 survivors (3072K)
 Metaspace       used 126702K, capacity 131781K, committed 131976K, reserved 630784K
  class space    used 15855K, capacity 17712K, committed 17792K, reserved 516096K
}
Event: 116.372 GC heap before
{Heap before GC invocations=82 (full 0):
 garbage-first heap   total 258048K, used 225278K [0x0000000080000000, 0x0000000100000000)
  region size 1024K, 28 young (28672K), 3 survivors (3072K)
 Metaspace       used 126856K, capacity 131990K, committed 132232K, reserved 630784K
  class space    used 15875K, capacity 17748K, committed 17792K, reserved 516096K
}
Event: 116.375 GC heap after
{Heap after GC invocations=83 (full 0):
 garbage-first heap   total 258048K, used 201057K [0x0000000080000000, 0x0000000100000000)
  region size 1024K, 3 young (3072K), 3 survivors (3072K)
 Metaspace       used 126856K, capacity 131990K, committed 132232K, reserved 630784K
  class space    used 15875K, capacity 17748K, committed 17792K, reserved 516096K
}
Event: 134.978 GC heap before
{Heap before GC invocations=83 (full 0):
 garbage-first heap   total 258048K, used 225633K [0x0000000080000000, 0x0000000100000000)
  region size 1024K, 27 young (27648K), 3 survivors (3072K)
 Metaspace       used 126923K, capacity 132063K, committed 132232K, reserved 630784K
  class space    used 15878K, capacity 17751K, committed 17792K, reserved 516096K
}
Event: 134.981 GC heap after
{Heap after GC invocations=84 (full 0):
 garbage-first heap   total 258048K, used 201361K [0x0000000080000000, 0x0000000100000000)
  region size 1024K, 2 young (2048K), 2 survivors (2048K)
 Metaspace       used 126923K, capacity 132063K, committed 132232K, reserved 630784K
  class space    used 15878K, capacity 17751K, committed 17792K, reserved 516096K
}

Deoptimization events (20 events):
Event: 117.544 Thread 0x0000021f92e8b800 DEOPT PACKING pc=0x0000021f884618b4 sp=0x000000c936cfb270
Event: 117.544 Thread 0x0000021f92e8b800 DEOPT UNPACKING pc=0x0000021f8004a1af sp=0x000000c936cfb198 mode 2
Event: 117.552 Thread 0x0000021f92e8b800 Uncommon trap: trap_request=0xffffffde fr.pc=0x0000021f8868c704 relative=0x0000000000001144
Event: 117.552 Thread 0x0000021f92e8b800 Uncommon trap: reason=class_check action=maybe_recompile pc=0x0000021f8868c704 method=java.util.HashMap.removeNode(ILjava/lang/Object;Ljava/lang/Object;ZZ)Ljava/util/HashMap$Node; @ 143 c2
Event: 117.552 Thread 0x0000021f92e8b800 DEOPT PACKING pc=0x0000021f8868c704 sp=0x000000c936cfda00
Event: 117.552 Thread 0x0000021f92e8b800 DEOPT UNPACKING pc=0x0000021f8004a1af sp=0x000000c936cfd8c0 mode 2
Event: 117.552 Thread 0x0000021f92e8b800 Uncommon trap: trap_request=0xffffffde fr.pc=0x0000021f88429e60 relative=0x0000000000000600
Event: 117.552 Thread 0x0000021f92e8b800 Uncommon trap: reason=class_check action=maybe_recompile pc=0x0000021f88429e60 method=java.util.HashMap.removeNode(ILjava/lang/Object;Ljava/lang/Object;ZZ)Ljava/util/HashMap$Node; @ 143 c2
Event: 117.552 Thread 0x0000021f92e8b800 DEOPT PACKING pc=0x0000021f88429e60 sp=0x000000c936cfd8e0
Event: 117.552 Thread 0x0000021f92e8b800 DEOPT UNPACKING pc=0x0000021f8004a1af sp=0x000000c936cfd8a8 mode 2
Event: 117.556 Thread 0x0000021f92e8b800 Uncommon trap: trap_request=0xffffff4d fr.pc=0x0000021f883da49c relative=0x000000000000175c
Event: 117.556 Thread 0x0000021f92e8b800 Uncommon trap: reason=unstable_if action=reinterpret pc=0x0000021f883da49c method=org.gradle.internal.logging.progress.DefaultProgressLoggerFactory$ProgressLoggerImpl.started(Ljava/lang/String;I)V @ 85 c2
Event: 117.556 Thread 0x0000021f92e8b800 DEOPT PACKING pc=0x0000021f883da49c sp=0x000000c936cfd550
Event: 117.556 Thread 0x0000021f92e8b800 DEOPT UNPACKING pc=0x0000021f8004a1af sp=0x000000c936cfd540 mode 2
Event: 117.594 Thread 0x0000021f92e8f000 Uncommon trap: trap_request=0xffffff4d fr.pc=0x0000021f88470214 relative=0x0000000000000514
Event: 117.594 Thread 0x0000021f92e8f000 Uncommon trap: reason=unstable_if action=reinterpret pc=0x0000021f88470214 method=com.esotericsoftware.kryo.io.Input.require(I)I @ 180 c2
Event: 117.594 Thread 0x0000021f92e8f000 DEOPT PACKING pc=0x0000021f88470214 sp=0x000000c935bfea30
Event: 117.594 Thread 0x0000021f92e8f000 DEOPT UNPACKING pc=0x0000021f8004a1af sp=0x000000c935bfe958 mode 2
Event: 236.156 Thread 0x0000021f9b369800 DEOPT PACKING pc=0x0000021f81d790c7 sp=0x000000c935afe8f0
Event: 236.156 Thread 0x0000021f9b369800 DEOPT UNPACKING pc=0x0000021f8004a95e sp=0x000000c935afde50 mode 0

Classes redefined (0 events):
No events

Internal exceptions (20 events):
Event: 122.792 Thread 0x0000021f92e9e800 Exception <a 'java/net/ConnectException'{0x000000008e430918}: Connection refused: connect> (0x000000008e430918) thrown at [./src/hotspot/share/prims/jni.cpp, line 638]
Event: 122.793 Thread 0x0000021f92e9e800 Exception <a 'java/net/ConnectException'{0x000000008e434570}: Connection refused: connect> (0x000000008e434570) thrown at [./src/hotspot/share/prims/jni.cpp, line 638]
Event: 123.807 Thread 0x0000021f92e9e800 Exception <a 'java/net/ConnectException'{0x000000008e437a80}: Connection refused: connect> (0x000000008e437a80) thrown at [./src/hotspot/share/prims/jni.cpp, line 638]
Event: 123.808 Thread 0x0000021f92e9e800 Exception <a 'java/net/ConnectException'{0x000000008e437fe8}: Connection refused: connect> (0x000000008e437fe8) thrown at [./src/hotspot/share/prims/jni.cpp, line 638]
Event: 124.810 Thread 0x0000021f92e9e800 Exception <a 'java/net/ConnectException'{0x000000008e43e990}: Connection refused: connect> (0x000000008e43e990) thrown at [./src/hotspot/share/prims/jni.cpp, line 638]
Event: 124.810 Thread 0x0000021f92e9e800 Exception <a 'java/net/ConnectException'{0x000000008e4425e8}: Connection refused: connect> (0x000000008e4425e8) thrown at [./src/hotspot/share/prims/jni.cpp, line 638]
Event: 125.823 Thread 0x0000021f92e9e800 Exception <a 'java/net/ConnectException'{0x000000008e448fa0}: Connection refused: connect> (0x000000008e448fa0) thrown at [./src/hotspot/share/prims/jni.cpp, line 638]
Event: 125.823 Thread 0x0000021f92e9e800 Exception <a 'java/net/ConnectException'{0x000000008e449508}: Connection refused: connect> (0x000000008e449508) thrown at [./src/hotspot/share/prims/jni.cpp, line 638]
Event: 126.824 Thread 0x0000021f92e9e800 Exception <a 'java/net/ConnectException'{0x000000008e44cac0}: Connection refused: connect> (0x000000008e44cac0) thrown at [./src/hotspot/share/prims/jni.cpp, line 638]
Event: 126.824 Thread 0x0000021f92e9e800 Exception <a 'java/net/ConnectException'{0x000000008e44d028}: Connection refused: connect> (0x000000008e44d028) thrown at [./src/hotspot/share/prims/jni.cpp, line 638]
Event: 127.836 Thread 0x0000021f92e9e800 Exception <a 'java/net/ConnectException'{0x000000008e45a500}: Connection refused: connect> (0x000000008e45a500) thrown at [./src/hotspot/share/prims/jni.cpp, line 638]
Event: 127.836 Thread 0x0000021f92e9e800 Exception <a 'java/net/ConnectException'{0x000000008e45aa68}: Connection refused: connect> (0x000000008e45aa68) thrown at [./src/hotspot/share/prims/jni.cpp, line 638]
Event: 128.850 Thread 0x0000021f92e9e800 Exception <a 'java/net/ConnectException'{0x000000008e45dfe0}: Connection refused: connect> (0x000000008e45dfe0) thrown at [./src/hotspot/share/prims/jni.cpp, line 638]
Event: 128.850 Thread 0x0000021f92e9e800 Exception <a 'java/net/ConnectException'{0x000000008e45e548}: Connection refused: connect> (0x000000008e45e548) thrown at [./src/hotspot/share/prims/jni.cpp, line 638]
Event: 129.864 Thread 0x0000021f92e9e800 Exception <a 'java/net/ConnectException'{0x000000008e468650}: Connection refused: connect> (0x000000008e468650) thrown at [./src/hotspot/share/prims/jni.cpp, line 638]
Event: 129.865 Thread 0x0000021f92e9e800 Exception <a 'java/net/ConnectException'{0x000000008e468bb8}: Connection refused: connect> (0x000000008e468bb8) thrown at [./src/hotspot/share/prims/jni.cpp, line 638]
Event: 130.867 Thread 0x0000021f92e9e800 Exception <a 'java/net/ConnectException'{0x000000008e46c0b8}: Connection refused: connect> (0x000000008e46c0b8) thrown at [./src/hotspot/share/prims/jni.cpp, line 638]
Event: 130.868 Thread 0x0000021f92e9e800 Exception <a 'java/net/ConnectException'{0x000000008e46c620}: Connection refused: connect> (0x000000008e46c620) thrown at [./src/hotspot/share/prims/jni.cpp, line 638]
Event: 131.883 Thread 0x0000021f92e9e800 Exception <a 'java/net/ConnectException'{0x000000008e4c7538}: Connection refused: connect> (0x000000008e4c7538) thrown at [./src/hotspot/share/prims/jni.cpp, line 638]
Event: 131.883 Thread 0x0000021f92e9e800 Exception <a 'java/net/ConnectException'{0x000000008e4c7aa0}: Connection refused: connect> (0x000000008e4c7aa0) thrown at [./src/hotspot/share/prims/jni.cpp, line 638]

Events (20 events):
Event: 236.156 Thread 0x0000021f9b369800 Thread added: 0x0000021f9b369800
Event: 236.194 Executing VM operation: RevokeBias
Event: 236.194 Executing VM operation: RevokeBias done
Event: 236.195 Executing VM operation: RevokeBias
Event: 236.195 Executing VM operation: RevokeBias done
Event: 236.195 Thread 0x0000021f9b369800 Thread exited: 0x0000021f9b369800
Event: 237.680 Thread 0x0000021f9b36b000 Thread added: 0x0000021f9b36b000
Event: 237.681 Thread 0x0000021f9b36a800 Thread added: 0x0000021f9b36a800
Event: 237.692 Thread 0x0000021f9b36c000 Thread added: 0x0000021f9b36c000
Event: 237.694 Thread 0x0000021f9b36d000 Thread added: 0x0000021f9b36d000
Event: 237.694 Executing VM operation: RevokeBias
Event: 237.694 Executing VM operation: RevokeBias done
Event: 237.696 Thread 0x0000021f9b369000 Thread added: 0x0000021f9b369000
Event: 237.696 Thread 0x0000021f9b36d800 Thread added: 0x0000021f9b36d800
Event: 237.696 Thread 0x0000021f9b368000 Thread added: 0x0000021f9b368000
Event: 237.701 Thread 0x0000021f9b369800 Thread added: 0x0000021f9b369800
Event: 237.703 Thread 0x0000021f9b36f800 Thread added: 0x0000021f9b36f800
Event: 237.704 Thread 0x0000021f9b372800 Thread added: 0x0000021f9b372800
Event: 237.707 Thread 0x0000021f9b370000 Thread added: 0x0000021f9b370000
Event: 237.713 Thread 0x0000021f91375800 Thread added: 0x0000021f91375800


Dynamic libraries:
0x00007ff637ae0000 - 0x00007ff637aed000 	C:\Program Files\Microsoft\jdk-11.0.18.10-hotspot\bin\java.exe
0x00007fffaf1a0000 - 0x00007fffaf3a9000 	C:\Windows\SYSTEM32\ntdll.dll
0x00007fffaded0000 - 0x00007fffadf8e000 	C:\Windows\System32\KERNEL32.DLL
0x00007fffac800000 - 0x00007fffacb7b000 	C:\Windows\System32\KERNELBASE.dll
0x00007fffac670000 - 0x00007fffac781000 	C:\Windows\System32\ucrtbase.dll
0x00007fff951d0000 - 0x00007fff951e7000 	C:\Program Files\Microsoft\jdk-11.0.18.10-hotspot\bin\jli.dll
0x00007fff94cb0000 - 0x00007fff94cc5000 	C:\Program Files\Microsoft\jdk-11.0.18.10-hotspot\bin\VCRUNTIME140.dll
0x00007fffad2b0000 - 0x00007fffad45d000 	C:\Windows\System32\USER32.dll
0x00007fff96490000 - 0x00007fff96735000 	C:\Windows\WinSxS\amd64_microsoft.windows.common-controls_6595b64144ccf1df_6.0.22000.120_none_9d947278b86cc467\COMCTL32.dll
0x00007fffacff0000 - 0x00007fffad016000 	C:\Windows\System32\win32u.dll
0x00007fffaecd0000 - 0x00007fffaecf9000 	C:\Windows\System32\GDI32.dll
0x00007fffad170000 - 0x00007fffad213000 	C:\Windows\System32\msvcrt.dll
0x00007fffacb80000 - 0x00007fffacc98000 	C:\Windows\System32\gdi32full.dll
0x00007ffface10000 - 0x00007fffacead000 	C:\Windows\System32\msvcp_win.dll
0x00007fffad110000 - 0x00007fffad142000 	C:\Windows\System32\IMM32.DLL
0x00007fff79360000 - 0x00007fff793fb000 	C:\Program Files\Microsoft\jdk-11.0.18.10-hotspot\bin\msvcp140.dll
0x00007fff67d80000 - 0x00007fff68912000 	C:\Program Files\Microsoft\jdk-11.0.18.10-hotspot\bin\server\jvm.dll
0x00007fffae130000 - 0x00007fffae1de000 	C:\Windows\System32\ADVAPI32.dll
0x00007fffae7c0000 - 0x00007fffae85e000 	C:\Windows\System32\sechost.dll
0x00007fffad550000 - 0x00007fffad670000 	C:\Windows\System32\RPCRT4.dll
0x00007fffae370000 - 0x00007fffae378000 	C:\Windows\System32\PSAPI.DLL
0x00007fff9d130000 - 0x00007fff9d139000 	C:\Windows\SYSTEM32\WSOCK32.dll
0x00007fffa5e50000 - 0x00007fffa5e83000 	C:\Windows\SYSTEM32\WINMM.dll
0x00007fff9c160000 - 0x00007fff9c16a000 	C:\Windows\SYSTEM32\VERSION.dll
0x00007fffae1e0000 - 0x00007fffae24f000 	C:\Windows\System32\WS2_32.dll
0x00007fffab6f0000 - 0x00007fffab708000 	C:\Windows\SYSTEM32\kernel.appcore.dll
0x00007fffa35d0000 - 0x00007fffa35e0000 	C:\Program Files\Microsoft\jdk-11.0.18.10-hotspot\bin\verify.dll
0x00007fffaa120000 - 0x00007fffaa341000 	C:\Windows\SYSTEM32\DBGHELP.DLL
0x00007fff80de0000 - 0x00007fff80e11000 	C:\Windows\SYSTEM32\dbgcore.DLL
0x00007fffacf70000 - 0x00007fffacfef000 	C:\Windows\System32\bcryptPrimitives.dll
0x00007fff92b80000 - 0x00007fff92ba8000 	C:\Program Files\Microsoft\jdk-11.0.18.10-hotspot\bin\java.dll
0x00007fff9ccb0000 - 0x00007fff9ccba000 	C:\Program Files\Microsoft\jdk-11.0.18.10-hotspot\bin\jimage.dll
0x00007fff91c20000 - 0x00007fff91c38000 	C:\Program Files\Microsoft\jdk-11.0.18.10-hotspot\bin\zip.dll
0x00007fffad670000 - 0x00007fffade27000 	C:\Windows\System32\SHELL32.dll
0x00007fffaa760000 - 0x00007fffaafc5000 	C:\Windows\SYSTEM32\windows.storage.dll
0x00007fffae440000 - 0x00007fffae7b8000 	C:\Windows\System32\combase.dll
0x00007fffaa5f0000 - 0x00007fffaa756000 	C:\Windows\SYSTEM32\wintypes.dll
0x00007fffaed00000 - 0x00007fffaedea000 	C:\Windows\System32\SHCORE.dll
0x00007fffadf90000 - 0x00007fffadfed000 	C:\Windows\System32\shlwapi.dll
0x00007fffac5a0000 - 0x00007fffac5c1000 	C:\Windows\SYSTEM32\profapi.dll
0x00007fff912b0000 - 0x00007fff912c9000 	C:\Program Files\Microsoft\jdk-11.0.18.10-hotspot\bin\net.dll
0x00007fffa4d90000 - 0x00007fffa4ea4000 	C:\Windows\SYSTEM32\WINHTTP.dll
0x00007fffabc00000 - 0x00007fffabc67000 	C:\Windows\system32\mswsock.dll
0x00007fff911f0000 - 0x00007fff91203000 	C:\Program Files\Microsoft\jdk-11.0.18.10-hotspot\bin\nio.dll
0x00007fff95700000 - 0x00007fff95727000 	C:\Users\Admin\.gradle\native\e1d6ef7f7dcc3fd88c89a11ec53ec762bb8ba0a96d01ffa2cd45eb1d1d8dd5c5\windows-amd64\native-platform.dll
0x00007fff68ef0000 - 0x00007fff69034000 	C:\Users\Admin\.gradle\native\0d407fdbe67a94daf76414ababcb853783967236a71b16ec16e742cd7a986fd3\windows-amd64\native-platform-file-events.dll
0x00007fff9c9a0000 - 0x00007fff9c9a9000 	C:\Program Files\Microsoft\jdk-11.0.18.10-hotspot\bin\management.dll
0x00007fff9c730000 - 0x00007fff9c73b000 	C:\Program Files\Microsoft\jdk-11.0.18.10-hotspot\bin\management_ext.dll
0x00007fffabe40000 - 0x00007fffabe58000 	C:\Windows\SYSTEM32\CRYPTSP.dll
0x00007fffab650000 - 0x00007fffab685000 	C:\Windows\system32\rsaenh.dll
0x00007fffabcf0000 - 0x00007fffabd19000 	C:\Windows\SYSTEM32\USERENV.dll
0x00007fffabfd0000 - 0x00007fffabff7000 	C:\Windows\SYSTEM32\bcrypt.dll
0x00007fffabe60000 - 0x00007fffabe6c000 	C:\Windows\SYSTEM32\CRYPTBASE.dll
0x00007fffab260000 - 0x00007fffab28d000 	C:\Windows\SYSTEM32\IPHLPAPI.DLL
0x00007fffadec0000 - 0x00007fffadec9000 	C:\Windows\System32\NSI.dll
0x00007fffa3bf0000 - 0x00007fffa3c09000 	C:\Windows\SYSTEM32\dhcpcsvc6.DLL
0x00007fffa44a0000 - 0x00007fffa44be000 	C:\Windows\SYSTEM32\dhcpcsvc.DLL
0x00007fffab290000 - 0x00007fffab378000 	C:\Windows\SYSTEM32\DNSAPI.dll
0x00007fffa2320000 - 0x00007fffa232a000 	C:\Windows\System32\rasadhlp.dll
0x00007fffa2020000 - 0x00007fffa20a1000 	C:\Windows\System32\fwpuclnt.dll

dbghelp: loaded successfully - version: 4.0.5 - missing functions: none
symbol engine: initialized successfully - sym options: 0x614 - pdb path: .;C:\Program Files\Microsoft\jdk-11.0.18.10-hotspot\bin;C:\Windows\SYSTEM32;C:\Windows\WinSxS\amd64_microsoft.windows.common-controls_6595b64144ccf1df_6.0.22000.120_none_9d947278b86cc467;C:\Program Files\Microsoft\jdk-11.0.18.10-hotspot\bin\server;C:\Users\Admin\.gradle\native\e1d6ef7f7dcc3fd88c89a11ec53ec762bb8ba0a96d01ffa2cd45eb1d1d8dd5c5\windows-amd64;C:\Users\Admin\.gradle\native\0d407fdbe67a94daf76414ababcb853783967236a71b16ec16e742cd7a986fd3\windows-amd64

VM Arguments:
jvm_args: -XX:MaxMetaspaceSize=512m --add-opens=java.base/java.util=ALL-UNNAMED --add-opens=java.base/java.lang=ALL-UNNAMED --add-opens=java.base/java.lang.invoke=ALL-UNNAMED --add-opens=java.base/java.util=ALL-UNNAMED --add-opens=java.prefs/java.util.prefs=ALL-UNNAMED --add-opens=java.prefs/java.util.prefs=ALL-UNNAMED --add-opens=java.base/java.nio.charset=ALL-UNNAMED --add-opens=java.base/java.net=ALL-UNNAMED --add-opens=java.base/java.util.concurrent.atomic=ALL-UNNAMED -Xmx2048m -Dfile.encoding=windows-1252 -Duser.country=US -Duser.language=en -Duser.variant 
java_command: org.gradle.launcher.daemon.bootstrap.GradleDaemon 7.5.1
java_class_path (initial): C:\Users\Admin\.gradle\wrapper\dists\gradle-7.5.1-all\1ehga6e77gqps5uk2kc5kf1vc\gradle-7.5.1\lib\gradle-launcher-7.5.1.jar
Launcher Type: SUN_STANDARD

[Global flags]
     intx CICompilerCount                          = 12                                        {product} {ergonomic}
   size_t CompressedClassSpaceSize                 = 528482304                                 {product} {ergonomic}
     uint ConcGCThreads                            = 3                                         {product} {ergonomic}
     uint G1ConcRefinementThreads                  = 13                                        {product} {ergonomic}
   size_t G1HeapRegionSize                         = 1048576                                   {product} {ergonomic}
    uintx GCDrainStackTargetSize                   = 64                                        {product} {ergonomic}
   size_t InitialHeapSize                          = 264241152                                 {product} {ergonomic}
   size_t MarkStackSize                            = 4194304                                   {product} {ergonomic}
   size_t MaxHeapSize                              = 2147483648                                {product} {command line}
   size_t MaxMetaspaceSize                         = 536870912                                 {product} {command line}
   size_t MaxNewSize                               = 1287651328                                {product} {ergonomic}
   size_t MinHeapDeltaBytes                        = 1048576                                   {product} {ergonomic}
    uintx NonNMethodCodeHeapSize                   = 7594288                                {pd product} {ergonomic}
    uintx NonProfiledCodeHeapSize                  = 122031976                              {pd product} {ergonomic}
    uintx ProfiledCodeHeapSize                     = 122031976                              {pd product} {ergonomic}
    uintx ReservedCodeCacheSize                    = 251658240                              {pd product} {ergonomic}
     bool SegmentedCodeCache                       = true                                      {product} {ergonomic}
     bool UseCompressedClassPointers               = true                                 {lp64_product} {ergonomic}
     bool UseCompressedOops                        = true                                 {lp64_product} {ergonomic}
     bool UseG1GC                                  = true                                      {product} {ergonomic}
     bool UseLargePagesIndividualAllocation        = false                                  {pd product} {ergonomic}

Logging:
Log output configuration:
 #0: stdout all=warning uptime,level,tags
 #1: stderr all=off uptime,level,tags

Environment Variables:
JAVA_HOME=C:\Program Files\Microsoft\jdk-11.0.18.10-hotspot
CLASSPATH=C:\mob306\Newest\android\\gradle\wrapper\gradle-wrapper.jar
PATH=C:\mob306\Newest\android\node_modules\.bin;C:\mob306\Newest\node_modules\.bin;C:\mob306\node_modules\.bin;C:\node_modules\.bin;C:\Program Files\nodejs;C:\Users\Admin\AppData\Local\Temp\yarn--1677055800142-0.10726334355693301;C:\mob306\Newest\node_modules\.bin;C:\Users\Admin\AppData\Local\Yarn\Data\link\node_modules\.bin;C:\Users\Admin\AppData\Local\Yarn\bin;C:\Program Files\libexec\lib\node_modules\npm\bin\node-gyp-bin;C:\Program Files\lib\node_modules\npm\bin\node-gyp-bin;C:\Program Files\nodejs\node_modules\npm\bin\node-gyp-bin;C:\Users\Admin\bin;C:\Program Files\Git\mingw64\bin;C:\Program Files\Git\usr\local\bin;C:\Program Files\Git\usr\bin;C:\Program Files\Git\usr\bin;C:\Program Files\Git\mingw64\bin;C:\Program Files\Git\usr\bin;C:\Users\Admin\bin;C:\Program Files\Microsoft\jdk-11.0.18.10-hotspot\bin;C:\Python311\Scripts;C:\Python311;C:\Windows\system32;C:\Windows;C:\Windows\System32\Wbem;C:\Windows\System32\WindowsPowerShell\v1.0;C:\Windows\System32\OpenSSH;C:\Program Files\Microsoft VS Code\bin;C:\Program Files\Git\cmd;C:\ProgramData\chocolatey\bin;C:\Program Files\nodejs;C:\Users\Admin\AppData\Local\Android\Sdk\platform-tools;C:\Users\Admin\AppData\Local\Microsoft\WindowsApps;C:\Users\Admin\AppData\Local\GitHubDesktop\bin;C:\Program Files\JetBrains\IntelliJ IDEA Community Edition\bin;C:\Program Files\Java\jdk-17\bin;C:\Users\Admin\AppData\Local\Android\Sdk\platform-tools;C:\Users\Admin\AppData\Roaming\npm;C:\Program Files\Git\usr\bin\vendor_perl;C:\Program Files\Git\usr\bin\core_perl
USERNAME=Admin
SHELL=C:\Program Files\Git\usr\bin\bash.exe
DISPLAY=needs-to-be-defined
LANG=en_US.UTF-8
TERM=xterm-256color
TMPDIR=C:\Users\Admin\AppData\Local\Temp
OS=Windows_NT
PROCESSOR_IDENTIFIER=Intel64 Family 6 Model 154 Stepping 3, GenuineIntel
TMP=C:\Users\Admin\AppData\Local\Temp
TEMP=C:\Users\Admin\AppData\Local\Temp



---------------  S Y S T E M  ---------------

OS: Windows 11 , 64 bit Build 22000 (10.0.22000.1335)
OS uptime: 13 days 6:42 hours

CPU:total 16 (initial active 16) (8 cores per cpu, 2 threads per core) family 6 model 154 stepping 3 microcode 0x41b, cmov, cx8, fxsr, mmx, sse, sse2, sse3, ssse3, sse4.1, sse4.2, popcnt, avx, avx2, aes, clmul, erms, 3dnowpref, lzcnt, ht, tsc, tscinvbit, bmi1, bmi2, adx, sha, fma

Memory: 4k page, system-wide physical 16078M (577M free)
TotalPageFile size 16078M (AvailPageFile size 17M)
current process WorkingSet (physical memory assigned to process): 609M, peak: 673M
current process commit charge ("private bytes"): 680M, peak: 738M

vm_info: OpenJDK 64-Bit Server VM (11.0.18+10-LTS) for windows-amd64 JRE (11.0.18+10-LTS), built on Jan 18 2023 15:56:47 by "MicrosoftCorporation" with MS VC++ 15.9 (VS2017)

END.
