#
# There is insufficient memory for the Java Runtime Environment to continue.
# Native memory allocation (mmap) failed to map 67108864 bytes for Failed to commit area from 0x00000000fc000000 to 0x0000000100000000 of length 67108864.
# Possible reasons:
#   The system is out of physical RAM or swap space
#   The process is running with CompressedOops enabled, and the Java Heap may be blocking the growth of the native heap
# Possible solutions:
#   Reduce memory load on the system
#   Increase physical memory or swap space
#   Check if swap backing store is full
#   Decrease Java heap size (-Xmx/-Xms)
#   Decrease number of Java threads
#   Decrease Java thread stack sizes (-Xss)
#   Set larger code cache with -XX:ReservedCodeCacheSize=
# This output file may be truncated or incomplete.
#
#  Out of Memory Error (./src/hotspot/os/windows/os_windows.cpp:3386), pid=15772, tid=7056
#
# JRE version:  (11.0.18+10) (build )
# Java VM: OpenJDK 64-Bit Server VM (11.0.18+10-LTS, mixed mode, sharing, tiered, compressed oops, g1 gc, windows-amd64)
# No core dump will be written. Minidumps are not enabled by default on client versions of Windows
#

---------------  S U M M A R Y ------------

Command Line: -Xmx64m -Xms64m -Dorg.gradle.appname=gradlew org.gradle.wrapper.GradleWrapperMain app:installDebug -PreactNativeDevServerPort=8081

Host: 12th Gen Intel(R) Core(TM) i5-12500H, 16 cores, 15G,  Windows 11 , 64 bit Build 22000 (10.0.22000.1335)
Time: Sat Feb 18 08:46:03 2023 SE Asia Standard Time elapsed time: 0.011677 seconds (0d 0h 0m 0s)

---------------  T H R E A D  ---------------

Current thread (0x0000017f934bf800):  JavaThread "Unknown thread" [_thread_in_vm, id=7056, stack(0x0000002e76200000,0x0000002e76300000)]

Stack: [0x0000002e76200000,0x0000002e76300000]
Native frames: (J=compiled Java code, j=interpreted, Vv=VM code, C=native code)
V  [jvm.dll+0x62bf8a]
V  [jvm.dll+0x7b8fb9]
V  [jvm.dll+0x7ba6a8]
V  [jvm.dll+0x7bad83]
V  [jvm.dll+0x250248]
V  [jvm.dll+0x62929a]
V  [jvm.dll+0x61d855]
V  [jvm.dll+0x30c32c]
V  [jvm.dll+0x30c1b2]
V  [jvm.dll+0x310ec6]
V  [jvm.dll+0x356f0f]
V  [jvm.dll+0x356940]
V  [jvm.dll+0x2e9348]
V  [jvm.dll+0x2ea4a6]
V  [jvm.dll+0x792e07]
V  [jvm.dll+0x79458f]
V  [jvm.dll+0x363c69]
V  [jvm.dll+0x775d70]
V  [jvm.dll+0x3d297f]
V  [jvm.dll+0x3d4d11]
C  [jli.dll+0x5207]
C  [ucrtbase.dll+0x26c0c]
C  [KERNEL32.DLL+0x155a0]
C  [ntdll.dll+0x485b]


---------------  P R O C E S S  ---------------

Threads class SMR info:
_java_thread_list=0x0000017f911a2ac0, length=0, elements={
}

Java Threads: ( => current thread )

Other Threads:
  0x0000017f934d8800 GCTaskThread "GC Thread#0" [stack: 0x0000002e76300000,0x0000002e76400000] [id=16104]
  0x0000017f934e0800 ConcurrentGCThread "G1 Main Marker" [stack: 0x0000002e76400000,0x0000002e76500000] [id=16368]
  0x0000017f934e2800 ConcurrentGCThread "G1 Conc#0" [stack: 0x0000002e76500000,0x0000002e76600000] [id=21648]

[error occurred during error reporting (printing all threads), id 0xc0000005, EXCEPTION_ACCESS_VIOLATION (0xc0000005) at pc=0x00007fff3ea28b17]

VM state:not at safepoint (not fully initialized)

VM Mutex/Monitor currently owned by a thread:  ([mutex/lock_event])
[0x0000017f934bb920] Heap_lock - owner thread: 0x0000017f934bf800

Heap address: 0x00000000fc000000, size: 64 MB, Compressed Oops mode: Non-zero based: 0x00000000fc000000
Narrow klass base: 0x0000000000000000, Narrow klass shift: 0

GC Heap History (0 events):
No events

Deoptimization events (0 events):
No events

Classes redefined (0 events):
No events

Internal exceptions (0 events):
No events

Events (1 events):
Event: 0.007 Loaded shared library C:\Program Files\Microsoft\jdk-11.0.18.10-hotspot\bin\zip.dll


Dynamic libraries:
0x00007ff6a4ac0000 - 0x00007ff6a4acd000 	C:\Program Files\Microsoft\jdk-11.0.18.10-hotspot\bin\java.exe
0x00007fffaf1a0000 - 0x00007fffaf3a9000 	C:\Windows\SYSTEM32\ntdll.dll
0x00007fffaded0000 - 0x00007fffadf8e000 	C:\Windows\System32\KERNEL32.DLL
0x00007fffac800000 - 0x00007fffacb7b000 	C:\Windows\System32\KERNELBASE.dll
0x00007fffac670000 - 0x00007fffac781000 	C:\Windows\System32\ucrtbase.dll
0x00007fff83eb0000 - 0x00007fff83ec5000 	C:\Program Files\Microsoft\jdk-11.0.18.10-hotspot\bin\VCRUNTIME140.dll
0x00007fff83f00000 - 0x00007fff83f17000 	C:\Program Files\Microsoft\jdk-11.0.18.10-hotspot\bin\jli.dll
0x00007fffad2b0000 - 0x00007fffad45d000 	C:\Windows\System32\USER32.dll
0x00007fff96490000 - 0x00007fff96735000 	C:\Windows\WinSxS\amd64_microsoft.windows.common-controls_6595b64144ccf1df_6.0.22000.120_none_9d947278b86cc467\COMCTL32.dll
0x00007fffacff0000 - 0x00007fffad016000 	C:\Windows\System32\win32u.dll
0x00007fffad170000 - 0x00007fffad213000 	C:\Windows\System32\msvcrt.dll
0x00007fffaecd0000 - 0x00007fffaecf9000 	C:\Windows\System32\GDI32.dll
0x00007fffacb80000 - 0x00007fffacc98000 	C:\Windows\System32\gdi32full.dll
0x00007ffface10000 - 0x00007fffacead000 	C:\Windows\System32\msvcp_win.dll
0x00007fffad110000 - 0x00007fffad142000 	C:\Windows\System32\IMM32.DLL
0x00007fff7de20000 - 0x00007fff7debb000 	C:\Program Files\Microsoft\jdk-11.0.18.10-hotspot\bin\msvcp140.dll
0x00007fff3e730000 - 0x00007fff3f2c2000 	C:\Program Files\Microsoft\jdk-11.0.18.10-hotspot\bin\server\jvm.dll
0x00007fffae130000 - 0x00007fffae1de000 	C:\Windows\System32\ADVAPI32.dll
0x00007fffae7c0000 - 0x00007fffae85e000 	C:\Windows\System32\sechost.dll
0x00007fffad550000 - 0x00007fffad670000 	C:\Windows\System32\RPCRT4.dll
0x00007fffae370000 - 0x00007fffae378000 	C:\Windows\System32\PSAPI.DLL
0x00007fff9c160000 - 0x00007fff9c16a000 	C:\Windows\SYSTEM32\VERSION.dll
0x00007fff8ee70000 - 0x00007fff8ee79000 	C:\Windows\SYSTEM32\WSOCK32.dll
0x00007fffa6f50000 - 0x00007fffa6f83000 	C:\Windows\SYSTEM32\WINMM.dll
0x00007fffae1e0000 - 0x00007fffae24f000 	C:\Windows\System32\WS2_32.dll
0x00007fffab6f0000 - 0x00007fffab708000 	C:\Windows\SYSTEM32\kernel.appcore.dll
0x00007fff91920000 - 0x00007fff91930000 	C:\Program Files\Microsoft\jdk-11.0.18.10-hotspot\bin\verify.dll
0x00007fffaa120000 - 0x00007fffaa341000 	C:\Windows\SYSTEM32\DBGHELP.DLL
0x00007fff7e040000 - 0x00007fff7e071000 	C:\Windows\SYSTEM32\dbgcore.DLL
0x00007fffacf70000 - 0x00007fffacfef000 	C:\Windows\System32\bcryptPrimitives.dll
0x00007fff83e80000 - 0x00007fff83ea8000 	C:\Program Files\Microsoft\jdk-11.0.18.10-hotspot\bin\java.dll
0x00007fff8da20000 - 0x00007fff8da2a000 	C:\Program Files\Microsoft\jdk-11.0.18.10-hotspot\bin\jimage.dll
0x00007fff7e020000 - 0x00007fff7e038000 	C:\Program Files\Microsoft\jdk-11.0.18.10-hotspot\bin\zip.dll

dbghelp: loaded successfully - version: 4.0.5 - missing functions: none
symbol engine: initialized successfully - sym options: 0x614 - pdb path: .;C:\Program Files\Microsoft\jdk-11.0.18.10-hotspot\bin;C:\Windows\SYSTEM32;C:\Windows\WinSxS\amd64_microsoft.windows.common-controls_6595b64144ccf1df_6.0.22000.120_none_9d947278b86cc467;C:\Program Files\Microsoft\jdk-11.0.18.10-hotspot\bin\server

VM Arguments:
jvm_args: -Xmx64m -Xms64m -Dorg.gradle.appname=gradlew 
java_command: org.gradle.wrapper.GradleWrapperMain app:installDebug -PreactNativeDevServerPort=8081
java_class_path (initial): C:\mob306\Newest\android\\gradle\wrapper\gradle-wrapper.jar
Launcher Type: SUN_STANDARD

[Global flags]
     intx CICompilerCount                          = 12                                        {product} {ergonomic}
     uint ConcGCThreads                            = 3                                         {product} {ergonomic}
     uint G1ConcRefinementThreads                  = 13                                        {product} {ergonomic}
   size_t G1HeapRegionSize                         = 1048576                                   {product} {ergonomic}
    uintx GCDrainStackTargetSize                   = 64                                        {product} {ergonomic}
   size_t InitialHeapSize                          = 67108864                                  {product} {command line}
   size_t MarkStackSize                            = 4194304                                   {product} {ergonomic}
   size_t MaxHeapSize                              = 67108864                                  {product} {command line}
   size_t MinHeapDeltaBytes                        = 1048576                                   {product} {ergonomic}
    uintx NonNMethodCodeHeapSize                   = 7594288                                {pd product} {ergonomic}
    uintx NonProfiledCodeHeapSize                  = 122031976                              {pd product} {ergonomic}
    uintx ProfiledCodeHeapSize                     = 122031976                              {pd product} {ergonomic}
    uintx ReservedCodeCacheSize                    = 251658240                              {pd product} {ergonomic}
     bool SegmentedCodeCache                       = true                                      {product} {ergonomic}
     bool UseCompressedClassPointers               = true                                 {lp64_product} {ergonomic}
     bool UseCompressedOops                        = true                                 {lp64_product} {ergonomic}
     bool UseG1GC                                  = true                                      {product} {ergonomic}
     bool UseLargePagesIndividualAllocation        = false                                  {pd product} {ergonomic}

Logging:
Log output configuration:
 #0: stdout all=warning uptime,level,tags
 #1: stderr all=off uptime,level,tags

Environment Variables:
JAVA_HOME=C:\Program Files\Microsoft\jdk-11.0.18.10-hotspot
CLASSPATH=C:\mob306\Newest\android\\gradle\wrapper\gradle-wrapper.jar
PATH=C:\mob306\Newest\android\node_modules\.bin;C:\mob306\Newest\node_modules\.bin;C:\mob306\node_modules\.bin;C:\node_modules\.bin;C:\Program Files\nodejs;C:\mob306\Newest\node_modules\.bin;C:\mob306\Newest\node_modules\.bin;C:\mob306\node_modules\.bin;C:\node_modules\.bin;C:\Users\Admin\AppData\Roaming\npm\node_modules\npm\node_modules\@npmcli\run-script\lib\node-gyp-bin;C:\Program Files\Microsoft\jdk-11.0.18.10-hotspot\bin;C:\Python311\Scripts\;C:\Python311\;C:\Windows\system32;C:\Windows;C:\Windows\System32\Wbem;C:\Windows\System32\WindowsPowerShell\v1.0\;C:\Windows\System32\OpenSSH\;C:\Program Files\Microsoft VS Code\bin;C:\Program Files\Git\cmd;C:\ProgramData\chocolatey\bin;C:\Program Files\nodejs\;C:\Users\Admin\AppData\Local\Android\Sdk\platform-tools;C:\Users\Admin\AppData\Local\Microsoft\WindowsApps;C:\Users\Admin\AppData\Local\GitHubDesktop\bin;C:\Program Files\JetBrains\IntelliJ IDEA Community Edition\bin;;C:\Program Files\Java\jdk-17\bin;C:\Users\Admin\AppData\Local\Android\Sdk\platform-tools;C:\Users\Admin\AppData\Roaming\npm;
USERNAME=Admin
LANG=en_US.UTF-8
OS=Windows_NT
PROCESSOR_IDENTIFIER=Intel64 Family 6 Model 154 Stepping 3, GenuineIntel
TMP=C:\Users\Admin\AppData\Local\Temp
TEMP=C:\Users\Admin\AppData\Local\Temp



---------------  S Y S T E M  ---------------

OS: Windows 11 , 64 bit Build 22000 (10.0.22000.1335)
OS uptime: 8 days 23:34 hours

CPU:total 16 (initial active 16) (16 cores per cpu, 1 threads per core) family 6 model 154 stepping 3 microcode 0x41b, cmov, cx8, fxsr, mmx, sse, sse2, sse3, ssse3, sse4.1, sse4.2, popcnt, avx, avx2, aes, clmul, erms, 3dnowpref, lzcnt, tsc, tscinvbit, bmi1, bmi2, adx, sha, fma

Memory: 4k page, system-wide physical 16078M (819M free)
TotalPageFile size 16078M (AvailPageFile size 41M)
current process WorkingSet (physical memory assigned to process): 10M, peak: 10M
current process commit charge ("private bytes"): 69M, peak: 133M

vm_info: OpenJDK 64-Bit Server VM (11.0.18+10-LTS) for windows-amd64 JRE (11.0.18+10-LTS), built on Jan 18 2023 15:56:47 by "MicrosoftCorporation" with MS VC++ 15.9 (VS2017)

END.
