#
# There is insufficient memory for the Java Runtime Environment to continue.
# Native memory allocation (malloc) failed to allocate 55968 bytes for Chunk::new
# Possible reasons:
#   The system is out of physical RAM or swap space
#   The process is running with CompressedOops enabled, and the Java Heap may be blocking the growth of the native heap
# Possible solutions:
#   Reduce memory load on the system
#   Increase physical memory or swap space
#   Check if swap backing store is full
#   Decrease Java heap size (-Xmx/-Xms)
#   Decrease number of Java threads
#   Decrease Java thread stack sizes (-Xss)
#   Set larger code cache with -XX:ReservedCodeCacheSize=
#   JVM is running with Unscaled Compressed Oops mode in which the Java heap is
#     placed in the first 4GB address space. The Java Heap base address is the
#     maximum limit for the native heap growth. Please use -XX:HeapBaseMinAddress
#     to set the Java Heap base and to place the Java Heap above 4GB virtual address.
# This output file may be truncated or incomplete.
#
#  Out of Memory Error (./src/hotspot/share/memory/arena.cpp:197), pid=18416, tid=18244
#
# JRE version: OpenJDK Runtime Environment Microsoft-7208460 (11.0.18+10) (build 11.0.18+10-LTS)
# Java VM: OpenJDK 64-Bit Server VM Microsoft-7208460 (11.0.18+10-LTS, mixed mode, tiered, compressed oops, g1 gc, windows-amd64)
# No core dump will be written. Minidumps are not enabled by default on client versions of Windows
#

---------------  S U M M A R Y ------------

Command Line: -Xmx64m -Xms64m -Dorg.gradle.appname=gradlew org.gradle.wrapper.GradleWrapperMain app:installDebug -PreactNativeDevServerPort=8081

Host: 12th Gen Intel(R) Core(TM) i5-12500H, 16 cores, 15G,  Windows 11 , 64 bit Build 22000 (10.0.22000.1335)
Time: Tue Feb 21 13:57:16 2023 SE Asia Standard Time elapsed time: 1.369167 seconds (0d 0h 0m 1s)

---------------  T H R E A D  ---------------

Current thread (0x00000258e3d00800):  JavaThread "C2 CompilerThread0" daemon [_thread_in_native, id=18244, stack(0x0000009582900000,0x0000009582a00000)]


Current CompileTask:
C2:   1369 1209 %     4       sun.security.provider.SHA::implCompress0 @ 3 (482 bytes)

Stack: [0x0000009582900000,0x0000009582a00000]
Native frames: (J=compiled Java code, j=interpreted, Vv=VM code, C=native code)
V  [jvm.dll+0x62bf8a]
V  [jvm.dll+0x7b8fb9]
V  [jvm.dll+0x7ba6a8]
V  [jvm.dll+0x7bad83]
V  [jvm.dll+0x250248]
V  [jvm.dll+0xc260c]
V  [jvm.dll+0xc2bcc]
V  [jvm.dll+0xc271b]
V  [jvm.dll+0x689adc]
V  [jvm.dll+0x53b5f4]
V  [jvm.dll+0x525f38]
V  [jvm.dll+0x528262]
V  [jvm.dll+0x530c82]
V  [jvm.dll+0x52a8b0]
V  [jvm.dll+0x52e021]
V  [jvm.dll+0x52d791]
V  [jvm.dll+0x52d670]
V  [jvm.dll+0x52d7fd]
V  [jvm.dll+0x5345ed]
V  [jvm.dll+0x21177b]
V  [jvm.dll+0x20b39a]
V  [jvm.dll+0x2083eb]
V  [jvm.dll+0x18a4b1]
V  [jvm.dll+0x217eec]
V  [jvm.dll+0x21612b]
V  [jvm.dll+0x77bac0]
V  [jvm.dll+0x7749f4]
V  [jvm.dll+0x62adf5]
C  [ucrtbase.dll+0x26c0c]
C  [KERNEL32.DLL+0x155a0]
C  [ntdll.dll+0x485b]


---------------  P R O C E S S  ---------------

Threads class SMR info:
_java_thread_list=0x00000258e4b3f210, length=14, elements={
0x00000258c8226800, 0x00000258e3388000, 0x00000258e3391800, 0x00000258e33ef000,
0x00000258e33f1000, 0x00000258e33f2800, 0x00000258e3d00800, 0x00000258e3d02000,
0x00000258e3d05000, 0x00000258c82f9000, 0x00000258e3e76000, 0x00000258e4092000,
0x00000258e4455800, 0x00000258e4ee9000
}

Java Threads: ( => current thread )
  0x00000258c8226800 JavaThread "main" [_thread_in_native, id=21744, stack(0x0000009581d00000,0x0000009581e00000)]
  0x00000258e3388000 JavaThread "Reference Handler" daemon [_thread_blocked, id=18704, stack(0x0000009582400000,0x0000009582500000)]
  0x00000258e3391800 JavaThread "Finalizer" daemon [_thread_blocked, id=18552, stack(0x0000009582500000,0x0000009582600000)]
  0x00000258e33ef000 JavaThread "Signal Dispatcher" daemon [_thread_blocked, id=16696, stack(0x0000009582600000,0x0000009582700000)]
  0x00000258e33f1000 JavaThread "Attach Listener" daemon [_thread_blocked, id=22012, stack(0x0000009582700000,0x0000009582800000)]
  0x00000258e33f2800 JavaThread "Service Thread" daemon [_thread_blocked, id=8144, stack(0x0000009582800000,0x0000009582900000)]
=>0x00000258e3d00800 JavaThread "C2 CompilerThread0" daemon [_thread_in_native, id=18244, stack(0x0000009582900000,0x0000009582a00000)]
  0x00000258e3d02000 JavaThread "C1 CompilerThread0" daemon [_thread_blocked, id=14284, stack(0x0000009582a00000,0x0000009582b00000)]
  0x00000258e3d05000 JavaThread "Sweeper thread" daemon [_thread_blocked, id=11864, stack(0x0000009582b00000,0x0000009582c00000)]
  0x00000258c82f9000 JavaThread "C1 CompilerThread1" daemon [_thread_blocked, id=18348, stack(0x0000009582c00000,0x0000009582d00000)]
  0x00000258e3e76000 JavaThread "Common-Cleaner" daemon [_thread_blocked, id=744, stack(0x0000009582e00000,0x0000009582f00000)]
  0x00000258e4092000 JavaThread "C1 CompilerThread2" daemon [_thread_blocked, id=18908, stack(0x0000009582f00000,0x0000009583000000)]
  0x00000258e4455800 JavaThread "C1 CompilerThread3" daemon [_thread_blocked, id=14000, stack(0x0000009583100000,0x0000009583200000)]
  0x00000258e4ee9000 JavaThread "pool-1-thread-1" [_thread_blocked, id=15652, stack(0x0000009583400000,0x0000009583500000)]

Other Threads:
  0x00000258e3364800 VMThread "VM Thread" [stack: 0x0000009582300000,0x0000009582400000] [id=7628]
  0x00000258e3e6d000 WatcherThread [stack: 0x0000009582d00000,0x0000009582e00000] [id=20948]
  0x00000258c8242000 GCTaskThread "GC Thread#0" [stack: 0x0000009581e00000,0x0000009581f00000] [id=10360]
  0x00000258e4be0800 GCTaskThread "GC Thread#1" [stack: 0x0000009583200000,0x0000009583300000] [id=15324]
  0x00000258c8248800 ConcurrentGCThread "G1 Main Marker" [stack: 0x0000009581f00000,0x0000009582000000] [id=492]
  0x00000258c824b000 ConcurrentGCThread "G1 Conc#0" [stack: 0x0000009582000000,0x0000009582100000] [id=11880]
  0x00000258c82c6800 ConcurrentGCThread "G1 Refine#0" [stack: 0x0000009582100000,0x0000009582200000] [id=21160]
  0x00000258c82c9800 ConcurrentGCThread "G1 Young RemSet Sampling" [stack: 0x0000009582200000,0x0000009582300000] [id=10412]

Threads with active compile tasks:
C2 CompilerThread0     1398 1209 %     4       sun.security.provider.SHA::implCompress0 @ 3 (482 bytes)

VM state:not at safepoint (normal execution)

VM Mutex/Monitor currently owned by a thread: None

Heap address: 0x00000000fc000000, size: 64 MB, Compressed Oops mode: 32-bit
Narrow klass base: 0x0000000000000000, Narrow klass shift: 3
Compressed class space size: 1073741824 Address: 0x0000000100000000

Heap:
 garbage-first heap   total 65536K, used 27660K [0x00000000fc000000, 0x0000000100000000)
  region size 1024K, 22 young (22528K), 3 survivors (3072K)
 Metaspace       used 14201K, capacity 14510K, committed 14592K, reserved 1062912K
  class space    used 1616K, capacity 1734K, committed 1792K, reserved 1048576K
Heap Regions: E=young(eden), S=young(survivor), O=old, HS=humongous(starts), HC=humongous(continues), CS=collection set, F=free, A=archive, TAMS=top-at-mark-start (previous, next)
|   0|0x00000000fc000000, 0x00000000fc000000, 0x00000000fc100000|  0%| F|  |TAMS 0x00000000fc000000, 0x00000000fc000000| Untracked 
|   1|0x00000000fc100000, 0x00000000fc100000, 0x00000000fc200000|  0%| F|  |TAMS 0x00000000fc100000, 0x00000000fc100000| Untracked 
|   2|0x00000000fc200000, 0x00000000fc200000, 0x00000000fc300000|  0%| F|  |TAMS 0x00000000fc200000, 0x00000000fc200000| Untracked 
|   3|0x00000000fc300000, 0x00000000fc400000, 0x00000000fc400000|100%|HS|  |TAMS 0x00000000fc300000, 0x00000000fc300000| Complete 
|   4|0x00000000fc400000, 0x00000000fc500000, 0x00000000fc500000|100%|HC|  |TAMS 0x00000000fc400000, 0x00000000fc400000| Complete 
|   5|0x00000000fc500000, 0x00000000fc600000, 0x00000000fc600000|100%|HC|  |TAMS 0x00000000fc500000, 0x00000000fc500000| Complete 
|   6|0x00000000fc600000, 0x00000000fc700000, 0x00000000fc700000|100%| O|  |TAMS 0x00000000fc600000, 0x00000000fc600000| Untracked 
|   7|0x00000000fc700000, 0x00000000fc800000, 0x00000000fc800000|100%| O|  |TAMS 0x00000000fc700000, 0x00000000fc700000| Untracked 
|   8|0x00000000fc800000, 0x00000000fc900000, 0x00000000fc900000|100%| O|  |TAMS 0x00000000fc800000, 0x00000000fc800000| Untracked 
|   9|0x00000000fc900000, 0x00000000fc903000, 0x00000000fca00000|  1%| O|  |TAMS 0x00000000fc900000, 0x00000000fc900000| Untracked 
|  10|0x00000000fca00000, 0x00000000fca00000, 0x00000000fcb00000|  0%| F|  |TAMS 0x00000000fca00000, 0x00000000fca00000| Untracked 
|  11|0x00000000fcb00000, 0x00000000fcb00000, 0x00000000fcc00000|  0%| F|  |TAMS 0x00000000fcb00000, 0x00000000fcb00000| Untracked 
|  12|0x00000000fcc00000, 0x00000000fcc00000, 0x00000000fcd00000|  0%| F|  |TAMS 0x00000000fcc00000, 0x00000000fcc00000| Untracked 
|  13|0x00000000fcd00000, 0x00000000fcd00000, 0x00000000fce00000|  0%| F|  |TAMS 0x00000000fcd00000, 0x00000000fcd00000| Untracked 
|  14|0x00000000fce00000, 0x00000000fce00000, 0x00000000fcf00000|  0%| F|  |TAMS 0x00000000fce00000, 0x00000000fce00000| Untracked 
|  15|0x00000000fcf00000, 0x00000000fcf00000, 0x00000000fd000000|  0%| F|  |TAMS 0x00000000fcf00000, 0x00000000fcf00000| Untracked 
|  16|0x00000000fd000000, 0x00000000fd000000, 0x00000000fd100000|  0%| F|  |TAMS 0x00000000fd000000, 0x00000000fd000000| Untracked 
|  17|0x00000000fd100000, 0x00000000fd100000, 0x00000000fd200000|  0%| F|  |TAMS 0x00000000fd100000, 0x00000000fd100000| Untracked 
|  18|0x00000000fd200000, 0x00000000fd200000, 0x00000000fd300000|  0%| F|  |TAMS 0x00000000fd200000, 0x00000000fd200000| Untracked 
|  19|0x00000000fd300000, 0x00000000fd300000, 0x00000000fd400000|  0%| F|  |TAMS 0x00000000fd300000, 0x00000000fd300000| Untracked 
|  20|0x00000000fd400000, 0x00000000fd400000, 0x00000000fd500000|  0%| F|  |TAMS 0x00000000fd400000, 0x00000000fd400000| Untracked 
|  21|0x00000000fd500000, 0x00000000fd500000, 0x00000000fd600000|  0%| F|  |TAMS 0x00000000fd500000, 0x00000000fd500000| Untracked 
|  22|0x00000000fd600000, 0x00000000fd600000, 0x00000000fd700000|  0%| F|  |TAMS 0x00000000fd600000, 0x00000000fd600000| Untracked 
|  23|0x00000000fd700000, 0x00000000fd700000, 0x00000000fd800000|  0%| F|  |TAMS 0x00000000fd700000, 0x00000000fd700000| Untracked 
|  24|0x00000000fd800000, 0x00000000fd800000, 0x00000000fd900000|  0%| F|  |TAMS 0x00000000fd800000, 0x00000000fd800000| Untracked 
|  25|0x00000000fd900000, 0x00000000fd900000, 0x00000000fda00000|  0%| F|  |TAMS 0x00000000fd900000, 0x00000000fd900000| Untracked 
|  26|0x00000000fda00000, 0x00000000fda00000, 0x00000000fdb00000|  0%| F|  |TAMS 0x00000000fda00000, 0x00000000fda00000| Untracked 
|  27|0x00000000fdb00000, 0x00000000fdb00000, 0x00000000fdc00000|  0%| F|  |TAMS 0x00000000fdb00000, 0x00000000fdb00000| Untracked 
|  28|0x00000000fdc00000, 0x00000000fdc00000, 0x00000000fdd00000|  0%| F|  |TAMS 0x00000000fdc00000, 0x00000000fdc00000| Untracked 
|  29|0x00000000fdd00000, 0x00000000fdd00000, 0x00000000fde00000|  0%| F|  |TAMS 0x00000000fdd00000, 0x00000000fdd00000| Untracked 
|  30|0x00000000fde00000, 0x00000000fde00000, 0x00000000fdf00000|  0%| F|  |TAMS 0x00000000fde00000, 0x00000000fde00000| Untracked 
|  31|0x00000000fdf00000, 0x00000000fdf00000, 0x00000000fe000000|  0%| F|  |TAMS 0x00000000fdf00000, 0x00000000fdf00000| Untracked 
|  32|0x00000000fe000000, 0x00000000fe000000, 0x00000000fe100000|  0%| F|  |TAMS 0x00000000fe000000, 0x00000000fe000000| Untracked 
|  33|0x00000000fe100000, 0x00000000fe100000, 0x00000000fe200000|  0%| F|  |TAMS 0x00000000fe100000, 0x00000000fe100000| Untracked 
|  34|0x00000000fe200000, 0x00000000fe200000, 0x00000000fe300000|  0%| F|  |TAMS 0x00000000fe200000, 0x00000000fe200000| Untracked 
|  35|0x00000000fe300000, 0x00000000fe300000, 0x00000000fe400000|  0%| F|  |TAMS 0x00000000fe300000, 0x00000000fe300000| Untracked 
|  36|0x00000000fe400000, 0x00000000fe400000, 0x00000000fe500000|  0%| F|  |TAMS 0x00000000fe400000, 0x00000000fe400000| Untracked 
|  37|0x00000000fe500000, 0x00000000fe600000, 0x00000000fe600000|100%| S|CS|TAMS 0x00000000fe500000, 0x00000000fe500000| Complete 
|  38|0x00000000fe600000, 0x00000000fe700000, 0x00000000fe700000|100%| S|CS|TAMS 0x00000000fe600000, 0x00000000fe600000| Complete 
|  39|0x00000000fe700000, 0x00000000fe800000, 0x00000000fe800000|100%| S|CS|TAMS 0x00000000fe700000, 0x00000000fe700000| Complete 
|  40|0x00000000fe800000, 0x00000000fe800000, 0x00000000fe900000|  0%| F|  |TAMS 0x00000000fe800000, 0x00000000fe800000| Untracked 
|  41|0x00000000fe900000, 0x00000000fe900000, 0x00000000fea00000|  0%| F|  |TAMS 0x00000000fe900000, 0x00000000fe900000| Untracked 
|  42|0x00000000fea00000, 0x00000000fea00000, 0x00000000feb00000|  0%| F|  |TAMS 0x00000000fea00000, 0x00000000fea00000| Untracked 
|  43|0x00000000feb00000, 0x00000000feb00000, 0x00000000fec00000|  0%| F|  |TAMS 0x00000000feb00000, 0x00000000feb00000| Untracked 
|  44|0x00000000fec00000, 0x00000000fec00000, 0x00000000fed00000|  0%| F|  |TAMS 0x00000000fec00000, 0x00000000fec00000| Untracked 
|  45|0x00000000fed00000, 0x00000000fed80800, 0x00000000fee00000| 50%| E|  |TAMS 0x00000000fed00000, 0x00000000fed00000| Complete 
|  46|0x00000000fee00000, 0x00000000fef00000, 0x00000000fef00000|100%| E|CS|TAMS 0x00000000fee00000, 0x00000000fee00000| Complete 
|  47|0x00000000fef00000, 0x00000000ff000000, 0x00000000ff000000|100%| E|CS|TAMS 0x00000000fef00000, 0x00000000fef00000| Complete 
|  48|0x00000000ff000000, 0x00000000ff100000, 0x00000000ff100000|100%| E|CS|TAMS 0x00000000ff000000, 0x00000000ff000000| Complete 
|  49|0x00000000ff100000, 0x00000000ff200000, 0x00000000ff200000|100%| E|CS|TAMS 0x00000000ff100000, 0x00000000ff100000| Complete 
|  50|0x00000000ff200000, 0x00000000ff300000, 0x00000000ff300000|100%| E|CS|TAMS 0x00000000ff200000, 0x00000000ff200000| Complete 
|  51|0x00000000ff300000, 0x00000000ff400000, 0x00000000ff400000|100%| E|CS|TAMS 0x00000000ff300000, 0x00000000ff300000| Complete 
|  52|0x00000000ff400000, 0x00000000ff500000, 0x00000000ff500000|100%| E|CS|TAMS 0x00000000ff400000, 0x00000000ff400000| Complete 
|  53|0x00000000ff500000, 0x00000000ff600000, 0x00000000ff600000|100%| E|CS|TAMS 0x00000000ff500000, 0x00000000ff500000| Complete 
|  54|0x00000000ff600000, 0x00000000ff700000, 0x00000000ff700000|100%| E|CS|TAMS 0x00000000ff600000, 0x00000000ff600000| Complete 
|  55|0x00000000ff700000, 0x00000000ff800000, 0x00000000ff800000|100%| E|CS|TAMS 0x00000000ff700000, 0x00000000ff700000| Complete 
|  56|0x00000000ff800000, 0x00000000ff900000, 0x00000000ff900000|100%| E|CS|TAMS 0x00000000ff800000, 0x00000000ff800000| Complete 
|  57|0x00000000ff900000, 0x00000000ffa00000, 0x00000000ffa00000|100%| E|CS|TAMS 0x00000000ff900000, 0x00000000ff900000| Complete 
|  58|0x00000000ffa00000, 0x00000000ffb00000, 0x00000000ffb00000|100%| E|CS|TAMS 0x00000000ffa00000, 0x00000000ffa00000| Complete 
|  59|0x00000000ffb00000, 0x00000000ffc00000, 0x00000000ffc00000|100%| E|CS|TAMS 0x00000000ffb00000, 0x00000000ffb00000| Complete 
|  60|0x00000000ffc00000, 0x00000000ffd00000, 0x00000000ffd00000|100%| E|CS|TAMS 0x00000000ffc00000, 0x00000000ffc00000| Complete 
|  61|0x00000000ffd00000, 0x00000000ffe00000, 0x00000000ffe00000|100%| E|CS|TAMS 0x00000000ffd00000, 0x00000000ffd00000| Complete 
|  62|0x00000000ffe00000, 0x00000000fff00000, 0x00000000fff00000|100%| E|CS|TAMS 0x00000000ffe00000, 0x00000000ffe00000| Complete 
|  63|0x00000000fff00000, 0x0000000100000000, 0x0000000100000000|100%| E|CS|TAMS 0x00000000fff00000, 0x00000000fff00000| Complete 

Card table byte_map: [0x00000258c61d0000,0x00000258c61f0000] _byte_map_base: 0x00000258c59f0000

Marking Bits (Prev, Next): (CMBitMap*) 0x00000258c8247ad8, (CMBitMap*) 0x00000258c8247b10
 Prev Bits: [0x00000258e0230000, 0x00000258e0330000)
 Next Bits: [0x00000258e0330000, 0x00000258e0430000)

Polling page: 0x00000258c6180000

Metaspace:

Usage:
  Non-class:     12.48 MB capacity,    12.29 MB ( 99%) used,   170.53 KB (  1%) free+waste,    19.81 KB ( <1%) overhead. 
      Class:      1.69 MB capacity,     1.58 MB ( 93%) used,   107.87 KB (  6%) free+waste,     9.81 KB ( <1%) overhead. 
       Both:     14.17 MB capacity,    13.87 MB ( 98%) used,   278.40 KB (  2%) free+waste,    29.63 KB ( <1%) overhead. 

Virtual space:
  Non-class space:       14.00 MB reserved,      12.50 MB ( 89%) committed 
      Class space:        1.00 GB reserved,       1.75 MB ( <1%) committed 
             Both:        1.01 GB reserved,      14.25 MB (  1%) committed 

Chunk freelists:
   Non-Class:  24.00 KB
       Class:  26.00 KB
        Both:  50.00 KB

MaxMetaspaceSize: 17179869184.00 GB
CompressedClassSpaceSize: 1.00 GB
Initial GC threshold: 20.80 MB
Current GC threshold: 20.80 MB
CDS: off

CodeHeap 'non-profiled nmethods': size=119168Kb used=493Kb max_used=493Kb free=118675Kb
 bounds [0x00000258d8540000, 0x00000258d87b0000, 0x00000258df9a0000]
CodeHeap 'profiled nmethods': size=119168Kb used=2309Kb max_used=2309Kb free=116858Kb
 bounds [0x00000258d10e0000, 0x00000258d1350000, 0x00000258d8540000]
CodeHeap 'non-nmethods': size=7424Kb used=2830Kb max_used=2842Kb free=4593Kb
 bounds [0x00000258d09a0000, 0x00000258d0c70000, 0x00000258d10e0000]
 total_blobs=1627 nmethods=1226 adapters=311
 compilation: enabled
              stopped_count=0, restarted_count=0
 full_count=0

Compilation events (20 events):
Event: 1.358 Thread 0x00000258e3d02000 nmethod 1217 0x00000258d131bd90 code [0x00000258d131bf40, 0x00000258d131c048]
Event: 1.358 Thread 0x00000258e3d02000 1219       3       java.nio.file.Files$AcceptAllFilter::accept (9 bytes)
Event: 1.358 Thread 0x00000258e4455800 nmethod 1216 0x00000258d131c110 code [0x00000258d131c380, 0x00000258d131cef8]
Event: 1.358 Thread 0x00000258e3d02000 nmethod 1219 0x00000258d131d390 code [0x00000258d131d540, 0x00000258d131d798]
Event: 1.358 Thread 0x00000258c82f9000 nmethod 1215 0x00000258d131d890 code [0x00000258d131db20, 0x00000258d131e528]
Event: 1.358 Thread 0x00000258e3d02000 1220       3       sun.nio.fs.WindowsDirectoryStream$WindowsDirectoryIterator::next (5 bytes)
Event: 1.358 Thread 0x00000258c82f9000 1221  s    3       sun.nio.fs.WindowsDirectoryStream$WindowsDirectoryIterator::next (48 bytes)
Event: 1.358 Thread 0x00000258e4092000 nmethod 1218 0x00000258d131ea10 code [0x00000258d131ec20, 0x00000258d131f278]
Event: 1.358 Thread 0x00000258e3d02000 nmethod 1220 0x00000258d131f490 code [0x00000258d131f640, 0x00000258d131f768]
Event: 1.358 Thread 0x00000258c82f9000 nmethod 1221 0x00000258d131f810 code [0x00000258d131fa00, 0x00000258d131fe58]
Event: 1.359 Thread 0x00000258e4455800 1222       1       java.util.concurrent.atomic.AtomicLong::get (5 bytes)
Event: 1.359 Thread 0x00000258e4455800 nmethod 1222 0x00000258d85bae10 code [0x00000258d85bafc0, 0x00000258d85bb078]
Event: 1.360 Thread 0x00000258e4092000 1223       3       java.util.concurrent.atomic.AtomicLong::compareAndSet (13 bytes)
Event: 1.360 Thread 0x00000258e3d02000 1224       3       java.util.Random::nextBoolean (14 bytes)
Event: 1.360 Thread 0x00000258c82f9000 1225       3       java.util.Random::next (47 bytes)
Event: 1.361 Thread 0x00000258e4092000 nmethod 1223 0x00000258d131ff90 code [0x00000258d1320140, 0x00000258d1320258]
Event: 1.361 Thread 0x00000258e3d02000 nmethod 1224 0x00000258d1320310 code [0x00000258d13204c0, 0x00000258d13206c8]
Event: 1.361 Thread 0x00000258c82f9000 nmethod 1225 0x00000258d1320790 code [0x00000258d1320960, 0x00000258d1320bf8]
Event: 1.363 Thread 0x00000258e4455800 1227       3       jdk.internal.org.objectweb.asm.MethodWriter::visitInsn (114 bytes)
Event: 1.364 Thread 0x00000258e4455800 nmethod 1227 0x00000258d1320d10 code [0x00000258d1320f00, 0x00000258d1321328]

GC Heap History (2 events):
Event: 0.787 GC heap before
{Heap before GC invocations=0 (full 0):
 garbage-first heap   total 65536K, used 29696K [0x00000000fc000000, 0x0000000100000000)
  region size 1024K, 24 young (24576K), 0 survivors (0K)
 Metaspace       used 10002K, capacity 10222K, committed 10368K, reserved 1058816K
  class space    used 993K, capacity 1065K, committed 1152K, reserved 1048576K
}
Event: 0.794 GC heap after
{Heap after GC invocations=1 (full 0):
 garbage-first heap   total 65536K, used 9228K [0x00000000fc000000, 0x0000000100000000)
  region size 1024K, 3 young (3072K), 3 survivors (3072K)
 Metaspace       used 10002K, capacity 10222K, committed 10368K, reserved 1058816K
  class space    used 993K, capacity 1065K, committed 1152K, reserved 1048576K
}

Deoptimization events (20 events):
Event: 0.885 Thread 0x00000258c8226800 Uncommon trap: trap_request=0xffffff4d fr.pc=0x00000258d856274c relative=0x00000000000008ac
Event: 0.885 Thread 0x00000258c8226800 Uncommon trap: reason=unstable_if action=reinterpret pc=0x00000258d856274c method=java.io.WinNTFileSystem.resolve(Ljava/lang/String;Ljava/lang/String;)Ljava/lang/String; @ 70 c2
Event: 0.885 Thread 0x00000258c8226800 DEOPT PACKING pc=0x00000258d856274c sp=0x0000009581dfc1a0
Event: 0.885 Thread 0x00000258c8226800 DEOPT UNPACKING pc=0x00000258d09ea1af sp=0x0000009581dfc130 mode 2
Event: 1.023 Thread 0x00000258e4ee9000 DEOPT PACKING pc=0x00000258d11980ff sp=0x00000095834fa4c0
Event: 1.023 Thread 0x00000258e4ee9000 DEOPT UNPACKING pc=0x00000258d09ea95e sp=0x00000095834f9910 mode 0
Event: 1.101 Thread 0x00000258c8226800 DEOPT PACKING pc=0x00000258d11e68b0 sp=0x0000009581df8510
Event: 1.101 Thread 0x00000258c8226800 DEOPT UNPACKING pc=0x00000258d09ea95e sp=0x0000009581df7a28 mode 0
Event: 1.150 Thread 0x00000258c8226800 Uncommon trap: trap_request=0xffffff4d fr.pc=0x00000258d85a7e74 relative=0x00000000000001b4
Event: 1.150 Thread 0x00000258c8226800 Uncommon trap: reason=unstable_if action=reinterpret pc=0x00000258d85a7e74 method=java.util.HashMap.getNode(ILjava/lang/Object;)Ljava/util/HashMap$Node; @ 129 c2
Event: 1.150 Thread 0x00000258c8226800 DEOPT PACKING pc=0x00000258d85a7e74 sp=0x0000009581dfa900
Event: 1.150 Thread 0x00000258c8226800 DEOPT UNPACKING pc=0x00000258d09ea1af sp=0x0000009581dfa800 mode 2
Event: 1.150 Thread 0x00000258c8226800 Uncommon trap: trap_request=0xffffffc6 fr.pc=0x00000258d85851b0 relative=0x0000000000000f90
Event: 1.150 Thread 0x00000258c8226800 Uncommon trap: reason=bimorphic_or_optimized_type_check action=maybe_recompile pc=0x00000258d85851b0 method=java.util.HashMap.putVal(ILjava/lang/Object;Ljava/lang/Object;ZZ)Ljava/lang/Object; @ 203 c2
Event: 1.150 Thread 0x00000258c8226800 DEOPT PACKING pc=0x00000258d85851b0 sp=0x0000009581dfa870
Event: 1.150 Thread 0x00000258c8226800 DEOPT UNPACKING pc=0x00000258d09ea1af sp=0x0000009581dfa800 mode 2
Event: 1.343 Thread 0x00000258c8226800 Uncommon trap: trap_request=0xffffff4d fr.pc=0x00000258d85949b8 relative=0x0000000000001a58
Event: 1.343 Thread 0x00000258c8226800 Uncommon trap: reason=unstable_if action=reinterpret pc=0x00000258d85949b8 method=java.io.WinNTFileSystem.normalize(Ljava/lang/String;)Ljava/lang/String; @ 128 c2
Event: 1.343 Thread 0x00000258c8226800 DEOPT PACKING pc=0x00000258d85949b8 sp=0x0000009581dfa3a0
Event: 1.343 Thread 0x00000258c8226800 DEOPT UNPACKING pc=0x00000258d09ea1af sp=0x0000009581dfa378 mode 2

Classes redefined (0 events):
No events

Internal exceptions (12 events):
Event: 0.273 Thread 0x00000258c8226800 Exception <a 'java/lang/NoSuchMethodError'{0x00000000ffcdb4f8}: 'int java.lang.invoke.DirectMethodHandle$Holder.invokeStaticInit(java.lang.Object, java.lang.Object)'> (0x00000000ffcdb4f8) thrown at [./src/hotspot/share/interpreter/linkResolver.cpp, line 773]
Event: 0.315 Thread 0x00000258c8226800 Exception <a 'java/lang/NoSuchMethodError'{0x00000000ffbaf258}: 'int java.lang.invoke.DirectMethodHandle$Holder.invokeSpecial(java.lang.Object, java.lang.Object, java.lang.Object, java.lang.Object)'> (0x00000000ffbaf258) thrown at [./src/hotspot/share/interpreter/linkResolver.cpp, line 773]
Event: 0.323 Thread 0x00000258c8226800 Exception <a 'java/lang/NoSuchMethodError'{0x00000000ffbe7b10}: 'int java.lang.invoke.DirectMethodHandle$Holder.invokeSpecialIFC(java.lang.Object, java.lang.Object, int)'> (0x00000000ffbe7b10) thrown at [./src/hotspot/share/interpreter/linkResolver.cpp, line 773]
Event: 0.774 Thread 0x00000258c8226800 Implicit null exception at 0x00000258d85878f5 to 0x00000258d8587ab4
Event: 0.816 Thread 0x00000258c8226800 Exception <a 'java/lang/NoClassDefFoundError'{0x00000000fff694b8}: org/slf4j/impl/StaticMarkerBinder> (0x00000000fff694b8) thrown at [./src/hotspot/share/classfile/systemDictionary.cpp, line 219]
Event: 0.835 Thread 0x00000258c8226800 Exception <a 'java/lang/NoSuchMethodError'{0x00000000ffea9fd0}: 'java.lang.Object java.lang.invoke.DirectMethodHandle$Holder.invokeVirtual(java.lang.Object, java.lang.Object, java.lang.Object, java.lang.Object, java.lang.Object, java.lang.Object, java.lang.Object)'> (0x00000000ffea9fd0) thrown at [./src/hotspot/share/interpreter/linkResolver.cpp, line 773]
Event: 0.838 Thread 0x00000258c8226800 Exception <a 'java/lang/NoSuchMethodError'{0x00000000ffebdbb0}: 'java.lang.Object java.lang.invoke.Invokers$Holder.invoker(java.lang.Object, java.lang.Object, java.lang.Object)'> (0x00000000ffebdbb0) thrown at [./src/hotspot/share/interpreter/linkResolver.cpp, line 773]
Event: 0.842 Thread 0x00000258c8226800 Exception <a 'java/lang/NoSuchMethodError'{0x00000000ffece978}: 'void java.lang.invoke.DelegatingMethodHandle$Holder.delegate(java.lang.Object, java.lang.Object, int, java.lang.Object)'> (0x00000000ffece978) thrown at [./src/hotspot/share/interpreter/linkResolver.cpp, line 773]
Event: 0.976 Thread 0x00000258c8226800 Exception <a 'java/lang/NoSuchMethodError'{0x00000000ff61ffe0}: 'java.lang.Object java.lang.invoke.DirectMethodHandle$Holder.invokeInterface(java.lang.Object, java.lang.Object, java.lang.Object)'> (0x00000000ff61ffe0) thrown at [./src/hotspot/share/interpreter/linkResolver.cpp, line 773]
Event: 1.059 Thread 0x00000258c8226800 Exception <a 'java/lang/NoSuchMethodError'{0x00000000ff363020}: 'java.lang.Object java.lang.invoke.DirectMethodHandle$Holder.invokeStaticInit(java.lang.Object, java.lang.Object, java.lang.Object)'> (0x00000000ff363020) thrown at [./src/hotspot/share/interpreter/linkResolver.cpp, line 773]
Event: 1.177 Thread 0x00000258c8226800 Exception <a 'java/lang/NoSuchMethodError'{0x00000000fee66590}: 'java.lang.Object java.lang.invoke.DirectMethodHandle$Holder.invokeStaticInit(java.lang.Object, int, int, int, int)'> (0x00000000fee66590) thrown at [./src/hotspot/share/interpreter/linkResolver.cpp, line 773]
Event: 1.363 Thread 0x00000258c8226800 Exception <a 'java/lang/NoSuchMethodError'{0x00000000fed244c8}: 'java.lang.Object java.lang.invoke.DirectMethodHandle$Holder.invokeStaticInit(java.lang.Object, java.lang.Object, int, int, int, int)'> (0x00000000fed244c8) thrown at [./src/hotspot/share/interpreter/linkResolver.cpp, line 773]

Events (20 events):
Event: 1.344 loading class sun/nio/fs/WindowsDirectoryStream
Event: 1.344 loading class java/nio/file/DirectoryStream
Event: 1.344 loading class java/nio/file/DirectoryStream done
Event: 1.344 loading class sun/nio/fs/WindowsDirectoryStream done
Event: 1.345 loading class sun/nio/fs/WindowsDirectoryStream$WindowsDirectoryIterator
Event: 1.345 loading class sun/nio/fs/WindowsDirectoryStream$WindowsDirectoryIterator done
Event: 1.346 loading class sun/nio/fs/WindowsPath$WindowsPathWithAttributes
Event: 1.346 loading class sun/nio/fs/BasicFileAttributesHolder
Event: 1.346 loading class sun/nio/fs/BasicFileAttributesHolder done
Event: 1.347 loading class sun/nio/fs/WindowsPath$WindowsPathWithAttributes done
Event: 1.347 Executing VM operation: Deoptimize
Event: 1.347 Executing VM operation: Deoptimize done
Event: 1.347 Thread 0x00000258e3e72000 Thread exited: 0x00000258e3e72000
Event: 1.347 Thread 0x00000258e4218000 Thread exited: 0x00000258e4218000
Event: 1.365 loading class sun/security/provider/AbstractDrbg$NonceProvider
Event: 1.365 loading class sun/security/provider/AbstractDrbg$NonceProvider done
Event: 1.365 loading class sun/security/provider/SHA2$SHA256
Event: 1.365 loading class sun/security/provider/SHA2
Event: 1.366 loading class sun/security/provider/SHA2 done
Event: 1.366 loading class sun/security/provider/SHA2$SHA256 done


Dynamic libraries:
0x00007ff6ef440000 - 0x00007ff6ef44d000 	C:\Program Files\Microsoft\jdk-11.0.18.10-hotspot\bin\java.exe
0x00007fffaf1a0000 - 0x00007fffaf3a9000 	C:\Windows\SYSTEM32\ntdll.dll
0x00007fffaded0000 - 0x00007fffadf8e000 	C:\Windows\System32\KERNEL32.DLL
0x00007fffac800000 - 0x00007fffacb7b000 	C:\Windows\System32\KERNELBASE.dll
0x00007fffac670000 - 0x00007fffac781000 	C:\Windows\System32\ucrtbase.dll
0x00007fffa35a0000 - 0x00007fffa35b5000 	C:\Program Files\Microsoft\jdk-11.0.18.10-hotspot\bin\VCRUNTIME140.dll
0x00007fff82de0000 - 0x00007fff82df7000 	C:\Program Files\Microsoft\jdk-11.0.18.10-hotspot\bin\jli.dll
0x00007fffad2b0000 - 0x00007fffad45d000 	C:\Windows\System32\USER32.dll
0x00007fff96490000 - 0x00007fff96735000 	C:\Windows\WinSxS\amd64_microsoft.windows.common-controls_6595b64144ccf1df_6.0.22000.120_none_9d947278b86cc467\COMCTL32.dll
0x00007fffacff0000 - 0x00007fffad016000 	C:\Windows\System32\win32u.dll
0x00007fffad170000 - 0x00007fffad213000 	C:\Windows\System32\msvcrt.dll
0x00007fffaecd0000 - 0x00007fffaecf9000 	C:\Windows\System32\GDI32.dll
0x00007fffacb80000 - 0x00007fffacc98000 	C:\Windows\System32\gdi32full.dll
0x00007ffface10000 - 0x00007fffacead000 	C:\Windows\System32\msvcp_win.dll
0x00007fffad110000 - 0x00007fffad142000 	C:\Windows\System32\IMM32.DLL
0x00007fff82d40000 - 0x00007fff82ddb000 	C:\Program Files\Microsoft\jdk-11.0.18.10-hotspot\bin\msvcp140.dll
0x00007fff786e0000 - 0x00007fff79272000 	C:\Program Files\Microsoft\jdk-11.0.18.10-hotspot\bin\server\jvm.dll
0x00007fffae130000 - 0x00007fffae1de000 	C:\Windows\System32\ADVAPI32.dll
0x00007fffae7c0000 - 0x00007fffae85e000 	C:\Windows\System32\sechost.dll
0x00007fffad550000 - 0x00007fffad670000 	C:\Windows\System32\RPCRT4.dll
0x00007fffae370000 - 0x00007fffae378000 	C:\Windows\System32\PSAPI.DLL
0x00007fff8e350000 - 0x00007fff8e359000 	C:\Windows\SYSTEM32\WSOCK32.dll
0x00007fffae1e0000 - 0x00007fffae24f000 	C:\Windows\System32\WS2_32.dll
0x00007fffa5e50000 - 0x00007fffa5e83000 	C:\Windows\SYSTEM32\WINMM.dll
0x00007fff9c160000 - 0x00007fff9c16a000 	C:\Windows\SYSTEM32\VERSION.dll
0x00007fffab6f0000 - 0x00007fffab708000 	C:\Windows\SYSTEM32\kernel.appcore.dll
0x00007fff9ca30000 - 0x00007fff9ca40000 	C:\Program Files\Microsoft\jdk-11.0.18.10-hotspot\bin\verify.dll
0x00007fffaa120000 - 0x00007fffaa341000 	C:\Windows\SYSTEM32\DBGHELP.DLL
0x00007fffa5ef0000 - 0x00007fffa5f21000 	C:\Windows\SYSTEM32\dbgcore.DLL
0x00007fffacf70000 - 0x00007fffacfef000 	C:\Windows\System32\bcryptPrimitives.dll
0x00007fff82d10000 - 0x00007fff82d38000 	C:\Program Files\Microsoft\jdk-11.0.18.10-hotspot\bin\java.dll
0x00007fff9c820000 - 0x00007fff9c82a000 	C:\Program Files\Microsoft\jdk-11.0.18.10-hotspot\bin\jimage.dll
0x00007fff82cf0000 - 0x00007fff82d08000 	C:\Program Files\Microsoft\jdk-11.0.18.10-hotspot\bin\zip.dll
0x00007fffad670000 - 0x00007fffade27000 	C:\Windows\System32\SHELL32.dll
0x00007fffaa760000 - 0x00007fffaafc5000 	C:\Windows\SYSTEM32\windows.storage.dll
0x00007fffae440000 - 0x00007fffae7b8000 	C:\Windows\System32\combase.dll
0x00007fffaa5f0000 - 0x00007fffaa756000 	C:\Windows\SYSTEM32\wintypes.dll
0x00007fffaed00000 - 0x00007fffaedea000 	C:\Windows\System32\SHCORE.dll
0x00007fffadf90000 - 0x00007fffadfed000 	C:\Windows\System32\shlwapi.dll
0x00007fffac5a0000 - 0x00007fffac5c1000 	C:\Windows\SYSTEM32\profapi.dll
0x00007fff786c0000 - 0x00007fff786d9000 	C:\Program Files\Microsoft\jdk-11.0.18.10-hotspot\bin\net.dll
0x00007fffa4d90000 - 0x00007fffa4ea4000 	C:\Windows\SYSTEM32\WINHTTP.dll
0x00007fffabc00000 - 0x00007fffabc67000 	C:\Windows\system32\mswsock.dll
0x00007fff786a0000 - 0x00007fff786b3000 	C:\Program Files\Microsoft\jdk-11.0.18.10-hotspot\bin\nio.dll
0x00007fff9c6c0000 - 0x00007fff9c6e7000 	C:\Users\Admin\.gradle\native\e1d6ef7f7dcc3fd88c89a11ec53ec762bb8ba0a96d01ffa2cd45eb1d1d8dd5c5\windows-amd64\native-platform.dll
0x00007fffa6f00000 - 0x00007fffa6f0a000 	C:\Users\Admin\.gradle\native\jansi\1.18\windows64\jansi.dll
0x00007fff9c4c0000 - 0x00007fff9c4c9000 	C:\Program Files\Microsoft\jdk-11.0.18.10-hotspot\bin\management.dll
0x00007fff9c300000 - 0x00007fff9c30b000 	C:\Program Files\Microsoft\jdk-11.0.18.10-hotspot\bin\management_ext.dll
0x00007fffabe40000 - 0x00007fffabe58000 	C:\Windows\SYSTEM32\CRYPTSP.dll
0x00007fffab650000 - 0x00007fffab685000 	C:\Windows\system32\rsaenh.dll
0x00007fffabcf0000 - 0x00007fffabd19000 	C:\Windows\SYSTEM32\USERENV.dll
0x00007fffabfd0000 - 0x00007fffabff7000 	C:\Windows\SYSTEM32\bcrypt.dll
0x00007fffabe60000 - 0x00007fffabe6c000 	C:\Windows\SYSTEM32\CRYPTBASE.dll
0x00007fffab260000 - 0x00007fffab28d000 	C:\Windows\SYSTEM32\IPHLPAPI.DLL
0x00007fffadec0000 - 0x00007fffadec9000 	C:\Windows\System32\NSI.dll
0x00007fffa3bf0000 - 0x00007fffa3c09000 	C:\Windows\SYSTEM32\dhcpcsvc6.DLL
0x00007fffa44a0000 - 0x00007fffa44be000 	C:\Windows\SYSTEM32\dhcpcsvc.DLL
0x00007fffab290000 - 0x00007fffab378000 	C:\Windows\SYSTEM32\DNSAPI.dll

dbghelp: loaded successfully - version: 4.0.5 - missing functions: none
symbol engine: initialized successfully - sym options: 0x614 - pdb path: .;C:\Program Files\Microsoft\jdk-11.0.18.10-hotspot\bin;C:\Windows\SYSTEM32;C:\Windows\WinSxS\amd64_microsoft.windows.common-controls_6595b64144ccf1df_6.0.22000.120_none_9d947278b86cc467;C:\Program Files\Microsoft\jdk-11.0.18.10-hotspot\bin\server;C:\Users\Admin\.gradle\native\e1d6ef7f7dcc3fd88c89a11ec53ec762bb8ba0a96d01ffa2cd45eb1d1d8dd5c5\windows-amd64;C:\Users\Admin\.gradle\native\jansi\1.18\windows64

VM Arguments:
jvm_args: -Xmx64m -Xms64m -Dorg.gradle.appname=gradlew 
java_command: org.gradle.wrapper.GradleWrapperMain app:installDebug -PreactNativeDevServerPort=8081
java_class_path (initial): C:\mob306\Newest\android\\gradle\wrapper\gradle-wrapper.jar
Launcher Type: SUN_STANDARD

[Global flags]
     intx CICompilerCount                          = 12                                        {product} {ergonomic}
     uint ConcGCThreads                            = 3                                         {product} {ergonomic}
     uint G1ConcRefinementThreads                  = 13                                        {product} {ergonomic}
   size_t G1HeapRegionSize                         = 1048576                                   {product} {ergonomic}
    uintx GCDrainStackTargetSize                   = 64                                        {product} {ergonomic}
   size_t InitialHeapSize                          = 67108864                                  {product} {command line}
   size_t MarkStackSize                            = 4194304                                   {product} {ergonomic}
   size_t MaxHeapSize                              = 67108864                                  {product} {command line}
   size_t MaxNewSize                               = 39845888                                  {product} {ergonomic}
   size_t MinHeapDeltaBytes                        = 1048576                                   {product} {ergonomic}
    uintx NonNMethodCodeHeapSize                   = 7594288                                {pd product} {ergonomic}
    uintx NonProfiledCodeHeapSize                  = 122031976                              {pd product} {ergonomic}
    uintx ProfiledCodeHeapSize                     = 122031976                              {pd product} {ergonomic}
    uintx ReservedCodeCacheSize                    = 251658240                              {pd product} {ergonomic}
     bool SegmentedCodeCache                       = true                                      {product} {ergonomic}
     bool UseCompressedClassPointers               = true                                 {lp64_product} {ergonomic}
     bool UseCompressedOops                        = true                                 {lp64_product} {ergonomic}
     bool UseG1GC                                  = true                                      {product} {ergonomic}
     bool UseLargePagesIndividualAllocation        = false                                  {pd product} {ergonomic}

Logging:
Log output configuration:
 #0: stdout all=warning uptime,level,tags
 #1: stderr all=off uptime,level,tags

Environment Variables:
JAVA_HOME=C:\Program Files\Microsoft\jdk-11.0.18.10-hotspot
CLASSPATH=C:\mob306\Newest\android\\gradle\wrapper\gradle-wrapper.jar
PATH=C:\mob306\Newest\android\node_modules\.bin;C:\mob306\Newest\node_modules\.bin;C:\mob306\node_modules\.bin;C:\node_modules\.bin;C:\Program Files\nodejs;C:\Users\Admin\AppData\Local\Temp\yarn--1676962627718-0.23198969521120727;C:\mob306\Newest\node_modules\.bin;C:\Users\Admin\AppData\Local\Yarn\Data\link\node_modules\.bin;C:\Users\Admin\AppData\Local\Yarn\bin;C:\Program Files\libexec\lib\node_modules\npm\bin\node-gyp-bin;C:\Program Files\lib\node_modules\npm\bin\node-gyp-bin;C:\Program Files\nodejs\node_modules\npm\bin\node-gyp-bin;C:\Users\Admin\bin;C:\Program Files\Git\mingw64\bin;C:\Program Files\Git\usr\local\bin;C:\Program Files\Git\usr\bin;C:\Program Files\Git\usr\bin;C:\Program Files\Git\mingw64\bin;C:\Program Files\Git\usr\bin;C:\Users\Admin\bin;C:\Program Files\Microsoft\jdk-11.0.18.10-hotspot\bin;C:\Python311\Scripts;C:\Python311;C:\Windows\system32;C:\Windows;C:\Windows\System32\Wbem;C:\Windows\System32\WindowsPowerShell\v1.0;C:\Windows\System32\OpenSSH;C:\Program Files\Microsoft VS Code\bin;C:\Program Files\Git\cmd;C:\ProgramData\chocolatey\bin;C:\Program Files\nodejs;C:\Users\Admin\AppData\Local\Android\Sdk\platform-tools;C:\Users\Admin\AppData\Local\Microsoft\WindowsApps;C:\Users\Admin\AppData\Local\GitHubDesktop\bin;C:\Program Files\JetBrains\IntelliJ IDEA Community Edition\bin;C:\Program Files\Java\jdk-17\bin;C:\Users\Admin\AppData\Local\Android\Sdk\platform-tools;C:\Users\Admin\AppData\Roaming\npm;C:\Program Files\Git\usr\bin\vendor_perl;C:\Program Files\Git\usr\bin\core_perl
USERNAME=Admin
SHELL=C:\Program Files\Git\usr\bin\bash.exe
DISPLAY=needs-to-be-defined
LANG=en_US.UTF-8
TERM=xterm-256color
TMPDIR=C:\Users\Admin\AppData\Local\Temp
OS=Windows_NT
PROCESSOR_IDENTIFIER=Intel64 Family 6 Model 154 Stepping 3, GenuineIntel
TMP=C:\Users\Admin\AppData\Local\Temp
TEMP=C:\Users\Admin\AppData\Local\Temp



---------------  S Y S T E M  ---------------

OS: Windows 11 , 64 bit Build 22000 (10.0.22000.1335)
OS uptime: 12 days 4:46 hours

CPU:total 16 (initial active 16) (8 cores per cpu, 2 threads per core) family 6 model 154 stepping 3 microcode 0x41b, cmov, cx8, fxsr, mmx, sse, sse2, sse3, ssse3, sse4.1, sse4.2, popcnt, avx, avx2, aes, clmul, erms, 3dnowpref, lzcnt, ht, tsc, tscinvbit, bmi1, bmi2, adx, sha, fma

Memory: 4k page, system-wide physical 16078M (602M free)
TotalPageFile size 16078M (AvailPageFile size 0M)
current process WorkingSet (physical memory assigned to process): 96M, peak: 96M
current process commit charge ("private bytes"): 176M, peak: 176M

vm_info: OpenJDK 64-Bit Server VM (11.0.18+10-LTS) for windows-amd64 JRE (11.0.18+10-LTS), built on Jan 18 2023 15:56:47 by "MicrosoftCorporation" with MS VC++ 15.9 (VS2017)

END.
